#
# There is insufficient memory for the Java Runtime Environment to continue.
# Native memory allocation (malloc) failed to allocate 435696 bytes for Chunk::new
# Possible reasons:
#   The system is out of physical RAM or swap space
#   In 32 bit mode, the process size limit was hit
# Possible solutions:
#   Reduce memory load on the system
#   Increase physical memory or swap space
#   Check if swap backing store is full
#   Use 64 bit Java on a 64 bit OS
#   Decrease Java heap size (-Xmx/-Xms)
#   Decrease number of Java threads
#   Decrease Java thread stack sizes (-Xss)
#   Set larger code cache with -XX:ReservedCodeCacheSize=
# This output file may be truncated or incomplete.
#
#  Out of Memory Error (allocation.cpp:390), pid=22536, tid=21832
#
# JRE version: Java(TM) SE Runtime Environment (8.0_73-b02) (build 1.8.0_73-b02)
# Java VM: Java HotSpot(TM) 64-Bit Server VM (25.73-b02 mixed mode windows-amd64 compressed oops)
# Failed to write core dump. Minidumps are not enabled by default on client versions of Windows
#

---------------  T H R E A D  ---------------

Current thread (0x0000000059613000):  JavaThread "C2 CompilerThread2" daemon [_thread_in_native, id=21832, stack(0x000000005b090000,0x000000005b190000)]

Stack: [0x000000005b090000,0x000000005b190000]
[error occurred during error reporting (printing stack bounds), id 0xc0000005]

Native frames: (J=compiled Java code, j=interpreted, Vv=VM code, C=native code)


Current CompileTask:
C2:   2708 1315   !   4       org.apache.maven.model.interpolation.AbstractStringBasedModelInterpolator::interpolateInternal (357 bytes)


---------------  P R O C E S S  ---------------

Java Threads: ( => current thread )
  0x00000000596bf800 JavaThread "Service Thread" daemon [_thread_blocked, id=13748, stack(0x000000005b4d0000,0x000000005b5d0000)]
  0x0000000059613800 JavaThread "C1 CompilerThread3" daemon [_thread_blocked, id=9076, stack(0x000000005b200000,0x000000005b300000)]
=>0x0000000059613000 JavaThread "C2 CompilerThread2" daemon [_thread_in_native, id=21832, stack(0x000000005b090000,0x000000005b190000)]
  0x0000000059612000 JavaThread "C2 CompilerThread1" daemon [_thread_blocked, id=16332, stack(0x000000005ad20000,0x000000005ae20000)]
  0x000000005960d000 JavaThread "C2 CompilerThread0" daemon [_thread_blocked, id=22336, stack(0x000000005af00000,0x000000005b000000)]
  0x00000000595ff800 JavaThread "Monitor Ctrl-Break" daemon [_thread_in_native, id=23180, stack(0x000000005ac10000,0x000000005ad10000)]
  0x00000000595d7800 JavaThread "Attach Listener" daemon [_thread_blocked, id=12516, stack(0x000000005a6e0000,0x000000005a7e0000)]
  0x00000000595d6800 JavaThread "Signal Dispatcher" daemon [_thread_blocked, id=6776, stack(0x000000005aaa0000,0x000000005aba0000)]
  0x000000005861f800 JavaThread "Finalizer" daemon [_thread_blocked, id=17776, stack(0x000000005a930000,0x000000005aa30000)]
  0x0000000058617800 JavaThread "Reference Handler" daemon [_thread_blocked, id=20720, stack(0x000000005a7e0000,0x000000005a8e0000)]
  0x0000000002dc8000 JavaThread "main" [_thread_in_native, id=22676, stack(0x0000000003030000,0x0000000003130000)]

Other Threads:
  0x0000000058610800 VMThread [stack: 0x000000005a570000,0x000000005a670000] [id=4504]
  0x00000000596f5000 WatcherThread [stack: 0x000000005b310000,0x000000005b410000] [id=22804]

VM state:not at safepoint (normal execution)

VM Mutex/Monitor currently owned by a thread: None

Heap:
 PSYoungGen      total 37888K, used 12313K [0x00000000d6100000, 0x00000000d8b00000, 0x0000000100000000)
  eden space 32768K, 21% used [0x00000000d6100000,0x00000000d6806a08,0x00000000d8100000)
  from space 5120K, 99% used [0x00000000d8600000,0x00000000d8affab0,0x00000000d8b00000)
  to   space 5120K, 0% used [0x00000000d8100000,0x00000000d8100000,0x00000000d8600000)
 ParOldGen       total 86016K, used 1660K [0x0000000082200000, 0x0000000087600000, 0x00000000d6100000)
  object space 86016K, 1% used [0x0000000082200000,0x000000008239f1d0,0x0000000087600000)
 Metaspace       used 12294K, capacity 12480K, committed 12672K, reserved 1060864K
  class space    used 1504K, capacity 1537K, committed 1664K, reserved 1048576K

Card table byte_map: [0x00000000124f0000,0x00000000128e0000] byte_map_base: 0x00000000120df000

Marking Bits: (ParMarkBitMap*) 0x0000000065bf0600
 Begin Bits: [0x0000000013950000, 0x00000000158c8000)
 End Bits:   [0x00000000158c8000, 0x0000000017840000)

Polling page: 0x00000000020b0000

CodeCache: size=245760Kb used=4748Kb max_used=4763Kb free=241012Kb
 bounds [0x0000000003130000, 0x00000000035e0000, 0x0000000012130000]
 total_blobs=1655 nmethods=1332 adapters=235
 compilation: enabled

Compilation events (10 events):
Event: 2.491 Thread 0x0000000059613800 1331       3       java.util.regex.Matcher::match (109 bytes)
Event: 2.491 Thread 0x0000000059613800 nmethod 1331 0x00000000035ce150 code [0x00000000035ce2e0, 0x00000000035ce6e8]
Event: 2.491 Thread 0x0000000059613800 1332       3       java.util.regex.Matcher::reset (83 bytes)
Event: 2.492 Thread 0x0000000059613800 nmethod 1332 0x00000000035ce850 code [0x00000000035ce9e0, 0x00000000035cee88]
Event: 2.497 Thread 0x0000000059612000 nmethod 1295 0x00000000035d3990 code [0x00000000035d3c80, 0x00000000035d5938]
Event: 2.497 Thread 0x0000000059612000 1326       4       java.util.regex.Pattern$5::isSatisfiedBy (28 bytes)
Event: 2.499 Thread 0x0000000059612000 nmethod 1326 0x00000000035da310 code [0x00000000035da480, 0x00000000035da7a8]
Event: 2.499 Thread 0x0000000059612000 1313       4       java.util.ArrayList::fastRemove (57 bytes)
Event: 2.499 Thread 0x000000005960d000 nmethod 1286 0x00000000035d7710 code [0x00000000035d7940, 0x00000000035d8fe0]
Event: 2.500 Thread 0x0000000059612000 nmethod 1313 0x00000000035d0890 code [0x00000000035d09e0, 0x00000000035d0b18]

GC Heap History (4 events):
Event: 0.901 GC heap before
{Heap before GC invocations=1 (full 0):
 PSYoungGen      total 37888K, used 32768K [0x00000000d6100000, 0x00000000d8b00000, 0x0000000100000000)
  eden space 32768K, 100% used [0x00000000d6100000,0x00000000d8100000,0x00000000d8100000)
  from space 5120K, 0% used [0x00000000d8600000,0x00000000d8600000,0x00000000d8b00000)
  to   space 5120K, 0% used [0x00000000d8100000,0x00000000d8100000,0x00000000d8600000)
 ParOldGen       total 86016K, used 0K [0x0000000082200000, 0x0000000087600000, 0x00000000d6100000)
  object space 86016K, 0% used [0x0000000082200000,0x0000000082200000,0x0000000087600000)
 Metaspace       used 7566K, capacity 7752K, committed 7936K, reserved 1056768K
  class space    used 944K, capacity 988K, committed 1024K, reserved 1048576K
Event: 0.907 GC heap after
Heap after GC invocations=1 (full 0):
 PSYoungGen      total 37888K, used 4468K [0x00000000d6100000, 0x00000000d8b00000, 0x0000000100000000)
  eden space 32768K, 0% used [0x00000000d6100000,0x00000000d6100000,0x00000000d8100000)
  from space 5120K, 87% used [0x00000000d8100000,0x00000000d855d100,0x00000000d8600000)
  to   space 5120K, 0% used [0x00000000d8600000,0x00000000d8600000,0x00000000d8b00000)
 ParOldGen       total 86016K, used 16K [0x0000000082200000, 0x0000000087600000, 0x00000000d6100000)
  object space 86016K, 0% used [0x0000000082200000,0x0000000082204000,0x0000000087600000)
 Metaspace       used 7566K, capacity 7752K, committed 7936K, reserved 1056768K
  class space    used 944K, capacity 988K, committed 1024K, reserved 1048576K
}
Event: 2.051 GC heap before
{Heap before GC invocations=2 (full 0):
 PSYoungGen      total 37888K, used 37236K [0x00000000d6100000, 0x00000000d8b00000, 0x0000000100000000)
  eden space 32768K, 100% used [0x00000000d6100000,0x00000000d8100000,0x00000000d8100000)
  from space 5120K, 87% used [0x00000000d8100000,0x00000000d855d100,0x00000000d8600000)
  to   space 5120K, 0% used [0x00000000d8600000,0x00000000d8600000,0x00000000d8b00000)
 ParOldGen       total 86016K, used 16K [0x0000000082200000, 0x0000000087600000, 0x00000000d6100000)
  object space 86016K, 0% used [0x0000000082200000,0x0000000082204000,0x0000000087600000)
 Metaspace       used 11894K, capacity 12090K, committed 12288K, reserved 1060864K
  class space    used 1470K, capacity 1535K, committed 1536K, reserved 1048576K
Event: 2.072 GC heap after
Heap after GC invocations=2 (full 0):
 PSYoungGen      total 37888K, used 5118K [0x00000000d6100000, 0x00000000d8b00000, 0x0000000100000000)
  eden space 32768K, 0% used [0x00000000d6100000,0x00000000d6100000,0x00000000d8100000)
  from space 5120K, 99% used [0x00000000d8600000,0x00000000d8affab0,0x00000000d8b00000)
  to   space 5120K, 0% used [0x00000000d8100000,0x00000000d8100000,0x00000000d8600000)
 ParOldGen       total 86016K, used 1660K [0x0000000082200000, 0x0000000087600000, 0x00000000d6100000)
  object space 86016K, 1% used [0x0000000082200000,0x000000008239f1d0,0x0000000087600000)
 Metaspace       used 11894K, capacity 12090K, committed 12288K, reserved 1060864K
  class space    used 1470K, capacity 1535K, committed 1536K, reserved 1048576K
}

Deoptimization events (10 events):
Event: 0.991 Thread 0x0000000002dc8000 Uncommon trap: reason=bimorphic action=maybe_recompile pc=0x000000000345d328 method=java.util.HashMap.putVal(ILjava/lang/Object;Ljava/lang/Object;ZZ)Ljava/lang/Object; @ 203
Event: 0.991 Thread 0x0000000002dc8000 Uncommon trap: reason=bimorphic action=maybe_recompile pc=0x000000000345d328 method=java.util.HashMap.putVal(ILjava/lang/Object;Ljava/lang/Object;ZZ)Ljava/lang/Object; @ 203
Event: 1.236 Thread 0x0000000002dc8000 Uncommon trap: reason=null_check action=make_not_entrant pc=0x00000000032f69cc method=java.lang.String.equals(Ljava/lang/Object;)Z @ 8
Event: 1.274 Thread 0x0000000002dc8000 Uncommon trap: reason=unstable_if action=reinterpret pc=0x000000000340e064 method=org.codehaus.plexus.util.xml.pull.MXParser.parseStartTag()I @ 443
Event: 1.980 Thread 0x0000000002dc8000 Uncommon trap: reason=unstable_if action=reinterpret pc=0x000000000352a234 method=sun.nio.cs.StreamDecoder.implRead([CII)I @ 36
Event: 2.087 Thread 0x0000000002dc8000 Uncommon trap: reason=bimorphic action=maybe_recompile pc=0x00000000034510a0 method=java.util.HashMap.putVal(ILjava/lang/Object;Ljava/lang/Object;ZZ)Ljava/lang/Object; @ 203
Event: 2.099 Thread 0x0000000002dc8000 Uncommon trap: reason=unstable_if action=reinterpret pc=0x00000000032c9594 method=java.lang.String.replace(CC)Ljava/lang/String; @ 2
Event: 2.130 Thread 0x0000000002dc8000 Uncommon trap: reason=unstable_if action=reinterpret pc=0x00000000035769f0 method=java.lang.reflect.AccessibleObject.setAccessible0(Ljava/lang/reflect/AccessibleObject;Z)V @ 4
Event: 2.285 Thread 0x0000000002dc8000 Uncommon trap: reason=unstable_if action=reinterpret pc=0x00000000035478bc method=org.codehaus.plexus.util.xml.pull.MXParser.nextImpl()I @ 867
Event: 2.475 Thread 0x0000000002dc8000 Uncommon trap: reason=class_check action=maybe_recompile pc=0x00000000035acdb8 method=org.apache.maven.model.interpolation.StringSearchModelInterpolator$InterpolateObjectAction.interpolateMapField(Ljava/lang/Object;Ljava/lang/reflect/Field;)V @ 5

Internal exceptions (10 events):
Event: 0.745 Thread 0x0000000002dc8000 Exception <a 'java/lang/ArrayIndexOutOfBoundsException': 92> (0x00000000d6ef5488) thrown at [D:\re\puppet\workspace\8-2-build-windows-amd64-cygwin\jdk8u73\6086\hotspot\src\share\vm\interpreter\interpreterRuntime.cpp, line 366]
Event: 0.778 Thread 0x0000000002dc8000 Exception <a 'java/lang/ArrayIndexOutOfBoundsException'> (0x00000000d71ab320) thrown at [D:\re\puppet\workspace\8-2-build-windows-amd64-cygwin\jdk8u73\6086\hotspot\src\share\vm\runtime\sharedRuntime.cpp, line 605]
Event: 0.778 Thread 0x0000000002dc8000 Exception <a 'java/lang/ArrayIndexOutOfBoundsException'> (0x00000000d71aca48) thrown at [D:\re\puppet\workspace\8-2-build-windows-amd64-cygwin\jdk8u73\6086\hotspot\src\share\vm\runtime\sharedRuntime.cpp, line 605]
Event: 0.784 Thread 0x0000000002dc8000 Exception <a 'java/lang/ArrayIndexOutOfBoundsException'> (0x00000000d7213fa8) thrown at [D:\re\puppet\workspace\8-2-build-windows-amd64-cygwin\jdk8u73\6086\hotspot\src\share\vm\runtime\sharedRuntime.cpp, line 605]
Event: 0.875 Thread 0x0000000002dc8000 Exception <a 'java/lang/ArrayIndexOutOfBoundsException'> (0x00000000d7e8ead8) thrown at [D:\re\puppet\workspace\8-2-build-windows-amd64-cygwin\jdk8u73\6086\hotspot\src\share\vm\runtime\sharedRuntime.cpp, line 605]
Event: 0.875 Thread 0x0000000002dc8000 Exception <a 'java/lang/ArrayIndexOutOfBoundsException'> (0x00000000d7e90e20) thrown at [D:\re\puppet\workspace\8-2-build-windows-amd64-cygwin\jdk8u73\6086\hotspot\src\share\vm\runtime\sharedRuntime.cpp, line 605]
Event: 0.937 Thread 0x0000000002dc8000 Exception <a 'java/lang/NoClassDefFoundError': org/slf4j/Logger> (0x00000000d643de88) thrown at [D:\re\puppet\workspace\8-2-build-windows-amd64-cygwin\jdk8u73\6086\hotspot\src\share\vm\classfile\systemDictionary.cpp, line 199]
Event: 0.966 Thread 0x0000000002dc8000 Exception <a 'java/lang/NoClassDefFoundError': org/slf4j/LoggerFactory> (0x00000000d671d370) thrown at [D:\re\puppet\workspace\8-2-build-windows-amd64-cygwin\jdk8u73\6086\hotspot\src\share\vm\classfile\systemDictionary.cpp, line 199]
Event: 0.966 Thread 0x0000000002dc8000 Exception <a 'java/lang/NoClassDefFoundError'> (0x00000000d671d370) thrown at [D:\re\puppet\workspace\8-2-build-windows-amd64-cygwin\jdk8u73\6086\hotspot\src\share\vm\oops\instanceKlass.cpp, line 948]
Event: 1.236 Thread 0x0000000002dc8000 Implicit null exception at 0x00000000032f680b to 0x00000000032f69bd

Events (10 events):
Event: 2.285 Thread 0x0000000002dc8000 Uncommon trap: trap_request=0xffffff65 fr.pc=0x00000000035478bc
Event: 2.285 Thread 0x0000000002dc8000 DEOPT PACKING pc=0x00000000035478bc sp=0x000000000312ddb0
Event: 2.285 Thread 0x0000000002dc8000 DEOPT UNPACKING pc=0x000000000317582a sp=0x000000000312dd20 mode 2
Event: 2.475 Thread 0x0000000002dc8000 Uncommon trap: trap_request=0xffffffde fr.pc=0x00000000035acdb8
Event: 2.475 Thread 0x0000000002dc8000 DEOPT PACKING pc=0x00000000035acdb8 sp=0x000000000312d6a0
Event: 2.475 Thread 0x0000000002dc8000 DEOPT UNPACKING pc=0x000000000317582a sp=0x000000000312d600 mode 2
Event: 2.475 loading class org/apache/maven/model/Site
Event: 2.475 loading class org/apache/maven/model/Site done
Event: 2.481 loading class java/util/ArrayList$1
Event: 2.481 loading class java/util/ArrayList$1 done


Dynamic libraries:
0x000000013f2f0000 - 0x000000013f327000 	C:\Program Files\Java\jdk1.8.0_73\bin\java.exe
0x0000000077a70000 - 0x0000000077c0f000 	C:\Windows\SYSTEM32\ntdll.dll
0x0000000077850000 - 0x000000007796f000 	C:\Windows\system32\kernel32.dll
0x000007fefd730000 - 0x000007fefd797000 	C:\Windows\system32\KERNELBASE.dll
0x000007fefdd90000 - 0x000007fefde6b000 	C:\Windows\system32\ADVAPI32.dll
0x000007fefdf10000 - 0x000007fefdfaf000 	C:\Windows\system32\msvcrt.dll
0x000007feff190000 - 0x000007feff1af000 	C:\Windows\SYSTEM32\sechost.dll
0x000007fefdc60000 - 0x000007fefdd8c000 	C:\Windows\system32\RPCRT4.dll
0x0000000077970000 - 0x0000000077a6b000 	C:\Windows\system32\USER32.dll
0x000007fefe030000 - 0x000007fefe097000 	C:\Windows\system32\GDI32.dll
0x000007feff7d0000 - 0x000007feff7de000 	C:\Windows\system32\LPK.dll
0x000007feff1b0000 - 0x000007feff27b000 	C:\Windows\system32\USP10.dll
0x000007fefb5e0000 - 0x000007fefb7d5000 	C:\Windows\WinSxS\amd64_microsoft.windows.common-controls_6595b64144ccf1df_6.0.7601.24483_none_e372d88f30fbb845\COMCTL32.dll
0x000007feff9e0000 - 0x000007feffa51000 	C:\Windows\system32\SHLWAPI.dll
0x000007feffa60000 - 0x000007feffa8e000 	C:\Windows\system32\IMM32.DLL
0x000007fefeea0000 - 0x000007fefefab000 	C:\Windows\system32\MSCTF.dll
0x000007fefc780000 - 0x000007fefc82e000 	C:\Windows\system32\tmumh\20019\AddOn\7.0.0.1181\TmUmEvt64.dll
0x0000000077c20000 - 0x0000000077c27000 	C:\Windows\system32\PSAPI.DLL
0x0000000075210000 - 0x000000007532a000 	C:\Windows\system32\tmumh\20019\TmMon\2.5.0.2101\tmmon64.dll
0x0000000065c70000 - 0x0000000065d42000 	C:\Program Files\Java\jdk1.8.0_73\jre\bin\msvcr100.dll
0x00000000653e0000 - 0x0000000065c70000 	C:\Program Files\Java\jdk1.8.0_73\jre\bin\server\jvm.dll
0x000007fef76e0000 - 0x000007fef76e9000 	C:\Windows\system32\WSOCK32.dll
0x000007fefe0a0000 - 0x000007fefe0ed000 	C:\Windows\system32\WS2_32.dll
0x000007feff7e0000 - 0x000007feff7e8000 	C:\Windows\system32\NSI.dll
0x000007fefa570000 - 0x000007fefa5ab000 	C:\Windows\system32\WINMM.dll
0x000007fefc730000 - 0x000007fefc73c000 	C:\Windows\system32\VERSION.dll
0x000000006ddb0000 - 0x000000006ddbf000 	C:\Program Files\Java\jdk1.8.0_73\jre\bin\verify.dll
0x0000000068d00000 - 0x0000000068d29000 	C:\Program Files\Java\jdk1.8.0_73\jre\bin\java.dll
0x000000006d090000 - 0x000000006d0b3000 	C:\Program Files\Java\jdk1.8.0_73\jre\bin\instrument.dll
0x0000000069af0000 - 0x0000000069b06000 	C:\Program Files\Java\jdk1.8.0_73\jre\bin\zip.dll
0x000007fefe0f0000 - 0x000007fefee7b000 	C:\Windows\system32\SHELL32.dll
0x000007fefda60000 - 0x000007fefdc5f000 	C:\Windows\system32\ole32.dll
0x000007fefd5c0000 - 0x000007fefd5cf000 	C:\Windows\system32\profapi.dll
0x000007fee7b60000 - 0x000007fee7b7a000 	C:\Users\dell\Desktop\tools\IntelliJ IDEA 2020.3.2\bin\breakgen64.dll
0x0000000068270000 - 0x000000006828a000 	C:\Program Files\Java\jdk1.8.0_73\jre\bin\net.dll
0x000007fefcd00000 - 0x000007fefcd55000 	C:\Windows\system32\mswsock.dll
0x000007fefccf0000 - 0x000007fefccf7000 	C:\Windows\System32\wship6.dll
0x000007fefd3c0000 - 0x000007fefd417000 	C:\Windows\system32\apphelp.dll
0x0000000068250000 - 0x0000000068261000 	C:\Program Files\Java\jdk1.8.0_73\jre\bin\nio.dll

VM Arguments:
jvm_args: -Dmaven.home=C:\Users\dell\Desktop\g\maven\apache-maven-3.0.4 -Dclassworlds.conf=C:\Users\dell\Desktop\g\maven\apache-maven-3.0.4\bin\m2.conf -Dmaven.ext.class.path=C:\Users\dell\Desktop\tools\IntelliJ IDEA 2020.3.2\plugins\maven\lib\maven-event-listener.jar -javaagent:C:\Users\dell\Desktop\tools\IntelliJ IDEA 2020.3.2\lib\idea_rt.jar=53047:C:\Users\dell\Desktop\tools\IntelliJ IDEA 2020.3.2\bin -Dfile.encoding=UTF-8 
java_command: org.codehaus.classworlds.Launcher -Didea.version=2020.3.2 -s C:\Users\dell\Desktop\g\maven\apache-maven-3.0.4\conf\settings.xml -Dmaven.repo.local=C:\Users\dell\Desktop\g\maven\repository package
java_class_path (initial): C:\Users\dell\Desktop\g\maven\apache-maven-3.0.4\boot\plexus-classworlds-2.4.jar;C:\Users\dell\Desktop\tools\IntelliJ IDEA 2020.3.2\lib\idea_rt.jar
Launcher Type: SUN_STANDARD

Environment Variables:
JAVA_HOME=C:\Program Files\Java\jdk1.8.0_73
CLASSPATH=,;C:\Program Files\Java\jdk1.8.0_73\lib;C:\Program Files\Java\jdk1.8.0_73\lib\tools.jar
PATH=C:\Users\dell\Desktop\g\maven\apache-maven-3.0.4\bin;C:\Users\dell\Desktop\tools\maven\apache-maven-3.0.4\bin;C:\Program Files\Java\jdk1.8.0_73\bin;C:\ProgramData\Oracle\Java\javapath;C:\Windows\system32;C:\Windows;C:\Windows\System32\Wbem;C:\Windows\System32\WindowsPowerShell\v1.0\;C:\Program Files (x86)\NVIDIA Corporation\PhysX\Common;C:\Program Files\Git\cmd;C:\Users\dell\Desktop\tools\xshell\;C:\Users\dell\Desktop\tools\xftp\
USERNAME=dell
OS=Windows_NT
PROCESSOR_IDENTIFIER=Intel64 Family 6 Model 158 Stepping 9, GenuineIntel



---------------  S Y S T E M  ---------------

OS: Windows 7 , 64 bit Build 7601 (6.1.7601.24545)

CPU:total 8 (4 cores per cpu, 2 threads per core) family 6 model 158 stepping 9, cmov, cx8, fxsr, mmx, sse, sse2, sse3, ssse3, sse4.1, sse4.2, popcnt, avx, avx2, aes, clmul, erms, rtm, 3dnowpref, lzcnt, ht, tsc, tscinvbit, bmi1, bmi2, adx

Memory: 4k page, physical 8243716k(1317220k free), swap 12436120k(4688k free)

vm_info: Java HotSpot(TM) 64-Bit Server VM (25.73-b02) for windows-amd64 JRE (1.8.0_73-b02), built on Jan 29 2016 17:38:49 by "java_re" with MS VC++ 10.0 (VS2010)

time: Sat May 07 09:53:40 2022
elapsed time: 2 seconds (0d 0h 0m 2s)

