#
# There is insufficient memory for the Java Runtime Environment to continue.
# Native memory allocation (malloc) failed to allocate 1048576 bytes for AllocateHeap
# Possible reasons:
#   The system is out of physical RAM or swap space
#   The process is running with CompressedOops enabled, and the Java Heap may be blocking the growth of the native heap
# Possible solutions:
#   Reduce memory load on the system
#   Increase physical memory or swap space
#   Check if swap backing store is full
#   Decrease Java heap size (-Xmx/-Xms)
#   Decrease number of Java threads
#   Decrease Java thread stack sizes (-Xss)
#   Set larger code cache with -XX:ReservedCodeCacheSize=
#   JVM is running with Unscaled Compressed Oops mode in which the Java heap is
#     placed in the first 4GB address space. The Java Heap base address is the
#     maximum limit for the native heap growth. Please use -XX:HeapBaseMinAddress
#     to set the Java Heap base and to place the Java Heap above 4GB virtual address.
# This output file may be truncated or incomplete.
#
#  Out of Memory Error (./src/hotspot/share/memory/allocation.cpp:46), pid=55968, tid=52908
#
# JRE version: OpenJDK Runtime Environment JBR-11.0.9.1.11-1145.77-jcef (11.0.9.1+11) (build 11.0.9.1+11-b1145.77)
# Java VM: OpenJDK 64-Bit Server VM JBR-11.0.9.1.11-1145.77-jcef (11.0.9.1+11-b1145.77, mixed mode, tiered, compressed oops, g1 gc, windows-amd64)
# No core dump will be written. Minidumps are not enabled by default on client versions of Windows
#

---------------  S U M M A R Y ------------

Command Line: org.jetbrains.git4idea.http.GitAskPassApp Username for 'http://192.168.6.83:30080': 

Host: Intel(R) Core(TM) i7-7700 CPU @ 3.60GHz, 8 cores, 7G,  Windows 7 , 64 bit Build 7601 (6.1.7601.24545)
Time: Thu May 19 19:57:26 2022 ?D1¨²¡À¨º¡Á?¨º¡À?? elapsed time: 0.576155 seconds (0d 0h 0m 0s)

---------------  T H R E A D  ---------------

Current thread (0x000000005e38e000):  VMThread "VM Thread" [stack: 0x000000005ec80000,0x000000005ed80000] [id=52908]

Stack: [0x000000005ec80000,0x000000005ed80000]
[error occurred during error reporting (printing stack bounds), id 0xc0000005, EXCEPTION_ACCESS_VIOLATION (0xc0000005) at pc=0x0000000006d60dad]

Native frames: (J=compiled Java code, j=interpreted, Vv=VM code, C=native code)
V  [jvm.dll+0x5edd9a]
V  [jvm.dll+0x7229c5]
V  [jvm.dll+0x723f1d]
V  [jvm.dll+0x724535]
V  [jvm.dll+0x7244eb]
V  [jvm.dll+0x5ed1f8]
V  [jvm.dll+0x5ed988]
C  [ntdll.dll+0x6be9d]
C  [ntdll.dll+0x4040a]
C  [ntdll.dll+0x6b53e]
C  0x0000000006d60dad

VM_Operation (0x0000000002c1dfa0): CollectForMetadataAllocation, mode: safepoint, requested by thread 0x000000000034f800


---------------  P R O C E S S  ---------------

Threads class SMR info:
_java_thread_list=0x000000005f5a7620, length=10, elements={
0x000000000034f800, 0x000000005e3d9800, 0x000000005e3db000, 0x000000005e409800,
0x000000005e40c800, 0x000000005e40d800, 0x000000005e414000, 0x000000005e425800,
0x000000005f521000, 0x000000005f512000
}

Java Threads: ( => current thread )
  0x000000000034f800 JavaThread "main" [_thread_blocked, id=55220, stack(0x0000000002b20000,0x0000000002c20000)]
  0x000000005e3d9800 JavaThread "Reference Handler" daemon [_thread_blocked, id=56172, stack(0x000000005ee70000,0x000000005ef70000)]
  0x000000005e3db000 JavaThread "Finalizer" daemon [_thread_blocked, id=55676, stack(0x000000005f080000,0x000000005f180000)]
  0x000000005e409800 JavaThread "Signal Dispatcher" daemon [_thread_blocked, id=20624, stack(0x000000005f1b0000,0x000000005f2b0000)]
  0x000000005e40c800 JavaThread "Attach Listener" daemon [_thread_blocked, id=13844, stack(0x000000005f2c0000,0x000000005f3c0000)]
  0x000000005e40d800 JavaThread "C2 CompilerThread0" daemon [_thread_blocked, id=55688, stack(0x000000005ef70000,0x000000005f070000)]
  0x000000005e414000 JavaThread "C1 CompilerThread0" daemon [_thread_blocked, id=54716, stack(0x000000001de70000,0x000000001df70000)]
  0x000000005e425800 JavaThread "Sweeper thread" daemon [_thread_blocked, id=50444, stack(0x000000005f860000,0x000000005f960000)]
  0x000000005f521000 JavaThread "Service Thread" daemon [_thread_blocked, id=54932, stack(0x000000005fb30000,0x000000005fc30000)]
  0x000000005f512000 JavaThread "Common-Cleaner" daemon [_thread_blocked, id=50968, stack(0x000000005f9c0000,0x000000005fac0000)]

Other Threads:
=>0x000000005e38e000 VMThread "VM Thread" [stack: 0x000000005ec80000,0x000000005ed80000] [id=52908]
  0x000000005f564000 WatcherThread [stack: 0x000000005fcf0000,0x000000005fdf0000] [id=7836]
  0x0000000000367000 GCTaskThread "GC Thread#0" [stack: 0x0000000015db0000,0x0000000015eb0000] [id=57072]
  0x000000001b219800 ConcurrentGCThread "G1 Main Marker" [stack: 0x000000001b450000,0x000000001b550000] [id=57236]
  0x000000001b21a800 ConcurrentGCThread "G1 Conc#0" [stack: 0x000000001b5e0000,0x000000001b6e0000] [id=53768]
  0x000000005f727800 ConcurrentGCThread "G1 Conc#1" [stack: 0x0000000061040000,0x0000000061140000] [id=56308]
  0x000000001b2b8000 ConcurrentGCThread "G1 Refine#0" [stack: 0x000000001dfe0000,0x000000001e0e0000] [id=53804]
  0x000000001b2b9000 ConcurrentGCThread "G1 Young RemSet Sampling" [stack: 0x000000001e130000,0x000000001e230000] [id=49936]

Threads with active compile tasks:

VM state:at safepoint (normal execution)

VM Mutex/Monitor currently owned by a thread:  ([mutex/lock_event])
[0x0000000000345af0] Threads_lock - owner thread: 0x000000005e38e000
[0x000000000034d660] Heap_lock - owner thread: 0x000000000034f800

Heap address: 0x0000000082200000, size: 2014 MB, Compressed Oops mode: 32-bit
Narrow klass base: 0x0000000000000000, Narrow klass shift: 0
Compressed class space size: 1073741824 Address: 0x000000001e230000

Heap:
 garbage-first heap   total 129024K, used 1760K [0x0000000082200000, 0x0000000100000000)
  region size 1024K, 2 young (2048K), 2 survivors (2048K)
 Metaspace       used 7969K, capacity 8148K, committed 8320K, reserved 1064960K
  class space    used 723K, capacity 775K, committed 896K, reserved 1048576K
Heap Regions: E=young(eden), S=young(survivor), O=old, HS=humongous(starts), HC=humongous(continues), CS=collection set, F=free, A=archive, TAMS=top-at-mark-start (previous, next)
|   0|0x0000000082200000, 0x0000000082200000, 0x0000000082300000|  0%| F|  |TAMS 0x0000000082200000, 0x0000000082200000| Untracked 
|   1|0x0000000082300000, 0x0000000082300000, 0x0000000082400000|  0%| F|  |TAMS 0x0000000082300000, 0x0000000082300000| Untracked 
|   2|0x0000000082400000, 0x0000000082400000, 0x0000000082500000|  0%| F|  |TAMS 0x0000000082400000, 0x0000000082400000| Untracked 
|   3|0x0000000082500000, 0x0000000082500000, 0x0000000082600000|  0%| F|  |TAMS 0x0000000082500000, 0x0000000082500000| Untracked 
|   4|0x0000000082600000, 0x0000000082600000, 0x0000000082700000|  0%| F|  |TAMS 0x0000000082600000, 0x0000000082600000| Untracked 
|   5|0x0000000082700000, 0x0000000082700000, 0x0000000082800000|  0%| F|  |TAMS 0x0000000082700000, 0x0000000082700000| Untracked 
|   6|0x0000000082800000, 0x0000000082800000, 0x0000000082900000|  0%| F|  |TAMS 0x0000000082800000, 0x0000000082800000| Untracked 
|   7|0x0000000082900000, 0x0000000082900000, 0x0000000082a00000|  0%| F|  |TAMS 0x0000000082900000, 0x0000000082900000| Untracked 
|   8|0x0000000082a00000, 0x0000000082a00000, 0x0000000082b00000|  0%| F|  |TAMS 0x0000000082a00000, 0x0000000082a00000| Untracked 
|   9|0x0000000082b00000, 0x0000000082b00000, 0x0000000082c00000|  0%| F|  |TAMS 0x0000000082b00000, 0x0000000082b00000| Untracked 
|  10|0x0000000082c00000, 0x0000000082c00000, 0x0000000082d00000|  0%| F|  |TAMS 0x0000000082c00000, 0x0000000082c00000| Untracked 
|  11|0x0000000082d00000, 0x0000000082d00000, 0x0000000082e00000|  0%| F|  |TAMS 0x0000000082d00000, 0x0000000082d00000| Untracked 
|  12|0x0000000082e00000, 0x0000000082e00000, 0x0000000082f00000|  0%| F|  |TAMS 0x0000000082e00000, 0x0000000082e00000| Untracked 
|  13|0x0000000082f00000, 0x0000000082f00000, 0x0000000083000000|  0%| F|  |TAMS 0x0000000082f00000, 0x0000000082f00000| Untracked 
|  14|0x0000000083000000, 0x0000000083000000, 0x0000000083100000|  0%| F|  |TAMS 0x0000000083000000, 0x0000000083000000| Untracked 
|  15|0x0000000083100000, 0x0000000083100000, 0x0000000083200000|  0%| F|  |TAMS 0x0000000083100000, 0x0000000083100000| Untracked 
|  16|0x0000000083200000, 0x0000000083200000, 0x0000000083300000|  0%| F|  |TAMS 0x0000000083200000, 0x0000000083200000| Untracked 
|  17|0x0000000083300000, 0x0000000083300000, 0x0000000083400000|  0%| F|  |TAMS 0x0000000083300000, 0x0000000083300000| Untracked 
|  18|0x0000000083400000, 0x0000000083400000, 0x0000000083500000|  0%| F|  |TAMS 0x0000000083400000, 0x0000000083400000| Untracked 
|  19|0x0000000083500000, 0x0000000083500000, 0x0000000083600000|  0%| F|  |TAMS 0x0000000083500000, 0x0000000083500000| Untracked 
|  20|0x0000000083600000, 0x0000000083600000, 0x0000000083700000|  0%| F|  |TAMS 0x0000000083600000, 0x0000000083600000| Untracked 
|  21|0x0000000083700000, 0x0000000083700000, 0x0000000083800000|  0%| F|  |TAMS 0x0000000083700000, 0x0000000083700000| Untracked 
|  22|0x0000000083800000, 0x0000000083800000, 0x0000000083900000|  0%| F|  |TAMS 0x0000000083800000, 0x0000000083800000| Untracked 
|  23|0x0000000083900000, 0x0000000083900000, 0x0000000083a00000|  0%| F|  |TAMS 0x0000000083900000, 0x0000000083900000| Untracked 
|  24|0x0000000083a00000, 0x0000000083a00000, 0x0000000083b00000|  0%| F|  |TAMS 0x0000000083a00000, 0x0000000083a00000| Untracked 
|  25|0x0000000083b00000, 0x0000000083b00000, 0x0000000083c00000|  0%| F|  |TAMS 0x0000000083b00000, 0x0000000083b00000| Untracked 
|  26|0x0000000083c00000, 0x0000000083c00000, 0x0000000083d00000|  0%| F|  |TAMS 0x0000000083c00000, 0x0000000083c00000| Untracked 
|  27|0x0000000083d00000, 0x0000000083d00000, 0x0000000083e00000|  0%| F|  |TAMS 0x0000000083d00000, 0x0000000083d00000| Untracked 
|  28|0x0000000083e00000, 0x0000000083e00000, 0x0000000083f00000|  0%| F|  |TAMS 0x0000000083e00000, 0x0000000083e00000| Untracked 
|  29|0x0000000083f00000, 0x0000000083f00000, 0x0000000084000000|  0%| F|  |TAMS 0x0000000083f00000, 0x0000000083f00000| Untracked 
|  30|0x0000000084000000, 0x0000000084000000, 0x0000000084100000|  0%| F|  |TAMS 0x0000000084000000, 0x0000000084000000| Untracked 
|  31|0x0000000084100000, 0x0000000084100000, 0x0000000084200000|  0%| F|  |TAMS 0x0000000084100000, 0x0000000084100000| Untracked 
|  32|0x0000000084200000, 0x0000000084200000, 0x0000000084300000|  0%| F|  |TAMS 0x0000000084200000, 0x0000000084200000| Untracked 
|  33|0x0000000084300000, 0x0000000084300000, 0x0000000084400000|  0%| F|  |TAMS 0x0000000084300000, 0x0000000084300000| Untracked 
|  34|0x0000000084400000, 0x0000000084400000, 0x0000000084500000|  0%| F|  |TAMS 0x0000000084400000, 0x0000000084400000| Untracked 
|  35|0x0000000084500000, 0x0000000084500000, 0x0000000084600000|  0%| F|  |TAMS 0x0000000084500000, 0x0000000084500000| Untracked 
|  36|0x0000000084600000, 0x0000000084600000, 0x0000000084700000|  0%| F|  |TAMS 0x0000000084600000, 0x0000000084600000| Untracked 
|  37|0x0000000084700000, 0x0000000084700000, 0x0000000084800000|  0%| F|  |TAMS 0x0000000084700000, 0x0000000084700000| Untracked 
|  38|0x0000000084800000, 0x0000000084800000, 0x0000000084900000|  0%| F|  |TAMS 0x0000000084800000, 0x0000000084800000| Untracked 
|  39|0x0000000084900000, 0x0000000084900000, 0x0000000084a00000|  0%| F|  |TAMS 0x0000000084900000, 0x0000000084900000| Untracked 
|  40|0x0000000084a00000, 0x0000000084a00000, 0x0000000084b00000|  0%| F|  |TAMS 0x0000000084a00000, 0x0000000084a00000| Untracked 
|  41|0x0000000084b00000, 0x0000000084b00000, 0x0000000084c00000|  0%| F|  |TAMS 0x0000000084b00000, 0x0000000084b00000| Untracked 
|  42|0x0000000084c00000, 0x0000000084c00000, 0x0000000084d00000|  0%| F|  |TAMS 0x0000000084c00000, 0x0000000084c00000| Untracked 
|  43|0x0000000084d00000, 0x0000000084d00000, 0x0000000084e00000|  0%| F|  |TAMS 0x0000000084d00000, 0x0000000084d00000| Untracked 
|  44|0x0000000084e00000, 0x0000000084e00000, 0x0000000084f00000|  0%| F|  |TAMS 0x0000000084e00000, 0x0000000084e00000| Untracked 
|  45|0x0000000084f00000, 0x0000000084f00000, 0x0000000085000000|  0%| F|  |TAMS 0x0000000084f00000, 0x0000000084f00000| Untracked 
|  46|0x0000000085000000, 0x0000000085000000, 0x0000000085100000|  0%| F|  |TAMS 0x0000000085000000, 0x0000000085000000| Untracked 
|  47|0x0000000085100000, 0x0000000085100000, 0x0000000085200000|  0%| F|  |TAMS 0x0000000085100000, 0x0000000085100000| Untracked 
|  48|0x0000000085200000, 0x0000000085200000, 0x0000000085300000|  0%| F|  |TAMS 0x0000000085200000, 0x0000000085200000| Untracked 
|  49|0x0000000085300000, 0x0000000085300000, 0x0000000085400000|  0%| F|  |TAMS 0x0000000085300000, 0x0000000085300000| Untracked 
|  50|0x0000000085400000, 0x0000000085400000, 0x0000000085500000|  0%| F|  |TAMS 0x0000000085400000, 0x0000000085400000| Untracked 
|  51|0x0000000085500000, 0x0000000085500000, 0x0000000085600000|  0%| F|  |TAMS 0x0000000085500000, 0x0000000085500000| Untracked 
|  52|0x0000000085600000, 0x0000000085600000, 0x0000000085700000|  0%| F|  |TAMS 0x0000000085600000, 0x0000000085600000| Untracked 
|  53|0x0000000085700000, 0x0000000085700000, 0x0000000085800000|  0%| F|  |TAMS 0x0000000085700000, 0x0000000085700000| Untracked 
|  54|0x0000000085800000, 0x0000000085800000, 0x0000000085900000|  0%| F|  |TAMS 0x0000000085800000, 0x0000000085800000| Untracked 
|  55|0x0000000085900000, 0x0000000085900000, 0x0000000085a00000|  0%| F|  |TAMS 0x0000000085900000, 0x0000000085900000| Untracked 
|  56|0x0000000085a00000, 0x0000000085a00000, 0x0000000085b00000|  0%| F|  |TAMS 0x0000000085a00000, 0x0000000085a00000| Untracked 
|  57|0x0000000085b00000, 0x0000000085b00000, 0x0000000085c00000|  0%| F|  |TAMS 0x0000000085b00000, 0x0000000085b00000| Untracked 
|  58|0x0000000085c00000, 0x0000000085c00000, 0x0000000085d00000|  0%| F|  |TAMS 0x0000000085c00000, 0x0000000085c00000| Untracked 
|  59|0x0000000085d00000, 0x0000000085d00000, 0x0000000085e00000|  0%| F|  |TAMS 0x0000000085d00000, 0x0000000085d00000| Untracked 
|  60|0x0000000085e00000, 0x0000000085e00000, 0x0000000085f00000|  0%| F|  |TAMS 0x0000000085e00000, 0x0000000085e00000| Untracked 
|  61|0x0000000085f00000, 0x0000000085f00000, 0x0000000086000000|  0%| F|  |TAMS 0x0000000085f00000, 0x0000000085f00000| Untracked 
|  62|0x0000000086000000, 0x0000000086000000, 0x0000000086100000|  0%| F|  |TAMS 0x0000000086000000, 0x0000000086000000| Untracked 
|  63|0x0000000086100000, 0x0000000086100000, 0x0000000086200000|  0%| F|  |TAMS 0x0000000086100000, 0x0000000086100000| Untracked 
|  64|0x0000000086200000, 0x0000000086200000, 0x0000000086300000|  0%| F|  |TAMS 0x0000000086200000, 0x0000000086200000| Untracked 
|  65|0x0000000086300000, 0x0000000086300000, 0x0000000086400000|  0%| F|  |TAMS 0x0000000086300000, 0x0000000086300000| Untracked 
|  66|0x0000000086400000, 0x0000000086400000, 0x0000000086500000|  0%| F|  |TAMS 0x0000000086400000, 0x0000000086400000| Untracked 
|  67|0x0000000086500000, 0x0000000086500000, 0x0000000086600000|  0%| F|  |TAMS 0x0000000086500000, 0x0000000086500000| Untracked 
|  68|0x0000000086600000, 0x0000000086600000, 0x0000000086700000|  0%| F|  |TAMS 0x0000000086600000, 0x0000000086600000| Untracked 
|  69|0x0000000086700000, 0x0000000086700000, 0x0000000086800000|  0%| F|  |TAMS 0x0000000086700000, 0x0000000086700000| Untracked 
|  70|0x0000000086800000, 0x0000000086800000, 0x0000000086900000|  0%| F|  |TAMS 0x0000000086800000, 0x0000000086800000| Untracked 
|  71|0x0000000086900000, 0x0000000086900000, 0x0000000086a00000|  0%| F|  |TAMS 0x0000000086900000, 0x0000000086900000| Untracked 
|  72|0x0000000086a00000, 0x0000000086a00000, 0x0000000086b00000|  0%| F|  |TAMS 0x0000000086a00000, 0x0000000086a00000| Untracked 
|  73|0x0000000086b00000, 0x0000000086b00000, 0x0000000086c00000|  0%| F|  |TAMS 0x0000000086b00000, 0x0000000086b00000| Untracked 
|  74|0x0000000086c00000, 0x0000000086c00000, 0x0000000086d00000|  0%| F|  |TAMS 0x0000000086c00000, 0x0000000086c00000| Untracked 
|  75|0x0000000086d00000, 0x0000000086d00000, 0x0000000086e00000|  0%| F|  |TAMS 0x0000000086d00000, 0x0000000086d00000| Untracked 
|  76|0x0000000086e00000, 0x0000000086e00000, 0x0000000086f00000|  0%| F|  |TAMS 0x0000000086e00000, 0x0000000086e00000| Untracked 
|  77|0x0000000086f00000, 0x0000000086f00000, 0x0000000087000000|  0%| F|  |TAMS 0x0000000086f00000, 0x0000000086f00000| Untracked 
|  78|0x0000000087000000, 0x0000000087000000, 0x0000000087100000|  0%| F|  |TAMS 0x0000000087000000, 0x0000000087000000| Untracked 
|  79|0x0000000087100000, 0x0000000087100000, 0x0000000087200000|  0%| F|  |TAMS 0x0000000087100000, 0x0000000087100000| Untracked 
|  80|0x0000000087200000, 0x0000000087200000, 0x0000000087300000|  0%| F|  |TAMS 0x0000000087200000, 0x0000000087200000| Untracked 
|  81|0x0000000087300000, 0x0000000087300000, 0x0000000087400000|  0%| F|  |TAMS 0x0000000087300000, 0x0000000087300000| Untracked 
|  82|0x0000000087400000, 0x0000000087400000, 0x0000000087500000|  0%| F|  |TAMS 0x0000000087400000, 0x0000000087400000| Untracked 
|  83|0x0000000087500000, 0x0000000087500000, 0x0000000087600000|  0%| F|  |TAMS 0x0000000087500000, 0x0000000087500000| Untracked 
|  84|0x0000000087600000, 0x0000000087600000, 0x0000000087700000|  0%| F|  |TAMS 0x0000000087600000, 0x0000000087600000| Untracked 
|  85|0x0000000087700000, 0x0000000087700000, 0x0000000087800000|  0%| F|  |TAMS 0x0000000087700000, 0x0000000087700000| Untracked 
|  86|0x0000000087800000, 0x0000000087800000, 0x0000000087900000|  0%| F|  |TAMS 0x0000000087800000, 0x0000000087800000| Untracked 
|  87|0x0000000087900000, 0x0000000087900000, 0x0000000087a00000|  0%| F|  |TAMS 0x0000000087900000, 0x0000000087900000| Untracked 
|  88|0x0000000087a00000, 0x0000000087a00000, 0x0000000087b00000|  0%| F|  |TAMS 0x0000000087a00000, 0x0000000087a00000| Untracked 
|  89|0x0000000087b00000, 0x0000000087b00000, 0x0000000087c00000|  0%| F|  |TAMS 0x0000000087b00000, 0x0000000087b00000| Untracked 
|  90|0x0000000087c00000, 0x0000000087c00000, 0x0000000087d00000|  0%| F|  |TAMS 0x0000000087c00000, 0x0000000087c00000| Untracked 
|  91|0x0000000087d00000, 0x0000000087d00000, 0x0000000087e00000|  0%| F|  |TAMS 0x0000000087d00000, 0x0000000087d00000| Untracked 
|  92|0x0000000087e00000, 0x0000000087e00000, 0x0000000087f00000|  0%| F|  |TAMS 0x0000000087e00000, 0x0000000087e00000| Untracked 
|  93|0x0000000087f00000, 0x0000000087f00000, 0x0000000088000000|  0%| F|  |TAMS 0x0000000087f00000, 0x0000000087f00000| Untracked 
|  94|0x0000000088000000, 0x0000000088000000, 0x0000000088100000|  0%| F|  |TAMS 0x0000000088000000, 0x0000000088000000| Untracked 
|  95|0x0000000088100000, 0x0000000088100000, 0x0000000088200000|  0%| F|  |TAMS 0x0000000088100000, 0x0000000088100000| Untracked 
|  96|0x0000000088200000, 0x0000000088200000, 0x0000000088300000|  0%| F|  |TAMS 0x0000000088200000, 0x0000000088200000| Untracked 
|  97|0x0000000088300000, 0x0000000088300000, 0x0000000088400000|  0%| F|  |TAMS 0x0000000088300000, 0x0000000088300000| Untracked 
|  98|0x0000000088400000, 0x0000000088400000, 0x0000000088500000|  0%| F|  |TAMS 0x0000000088400000, 0x0000000088400000| Untracked 
|  99|0x0000000088500000, 0x0000000088500000, 0x0000000088600000|  0%| F|  |TAMS 0x0000000088500000, 0x0000000088500000| Untracked 
| 100|0x0000000088600000, 0x0000000088600000, 0x0000000088700000|  0%| F|  |TAMS 0x0000000088600000, 0x0000000088600000| Untracked 
| 101|0x0000000088700000, 0x0000000088700000, 0x0000000088800000|  0%| F|  |TAMS 0x0000000088700000, 0x0000000088700000| Untracked 
| 102|0x0000000088800000, 0x0000000088800000, 0x0000000088900000|  0%| F|  |TAMS 0x0000000088800000, 0x0000000088800000| Untracked 
| 103|0x0000000088900000, 0x0000000088900000, 0x0000000088a00000|  0%| F|  |TAMS 0x0000000088900000, 0x0000000088900000| Untracked 
| 104|0x0000000088a00000, 0x0000000088a00000, 0x0000000088b00000|  0%| F|  |TAMS 0x0000000088a00000, 0x0000000088a00000| Untracked 
| 105|0x0000000088b00000, 0x0000000088b00000, 0x0000000088c00000|  0%| F|  |TAMS 0x0000000088b00000, 0x0000000088b00000| Untracked 
| 106|0x0000000088c00000, 0x0000000088c00000, 0x0000000088d00000|  0%| F|  |TAMS 0x0000000088c00000, 0x0000000088c00000| Untracked 
| 107|0x0000000088d00000, 0x0000000088d00000, 0x0000000088e00000|  0%| F|  |TAMS 0x0000000088d00000, 0x0000000088d00000| Untracked 
| 108|0x0000000088e00000, 0x0000000088e00000, 0x0000000088f00000|  0%| F|  |TAMS 0x0000000088e00000, 0x0000000088e00000| Untracked 
| 109|0x0000000088f00000, 0x0000000088f00000, 0x0000000089000000|  0%| F|  |TAMS 0x0000000088f00000, 0x0000000088f00000| Untracked 
| 110|0x0000000089000000, 0x0000000089000000, 0x0000000089100000|  0%| F|  |TAMS 0x0000000089000000, 0x0000000089000000| Untracked 
| 111|0x0000000089100000, 0x0000000089100000, 0x0000000089200000|  0%| F|  |TAMS 0x0000000089100000, 0x0000000089100000| Untracked 
| 112|0x0000000089200000, 0x0000000089200000, 0x0000000089300000|  0%| F|  |TAMS 0x0000000089200000, 0x0000000089200000| Untracked 
| 113|0x0000000089300000, 0x0000000089300000, 0x0000000089400000|  0%| F|  |TAMS 0x0000000089300000, 0x0000000089300000| Untracked 
| 114|0x0000000089400000, 0x0000000089400000, 0x0000000089500000|  0%| F|  |TAMS 0x0000000089400000, 0x0000000089400000| Untracked 
| 115|0x0000000089500000, 0x0000000089500000, 0x0000000089600000|  0%| F|  |TAMS 0x0000000089500000, 0x0000000089500000| Untracked 
| 116|0x0000000089600000, 0x0000000089600000, 0x0000000089700000|  0%| F|  |TAMS 0x0000000089600000, 0x0000000089600000| Untracked 
| 117|0x0000000089700000, 0x00000000897b8040, 0x0000000089800000| 71%| S|CS|TAMS 0x0000000089700000, 0x0000000089700000| Complete 
| 118|0x0000000089800000, 0x0000000089900000, 0x0000000089900000|100%| S|CS|TAMS 0x0000000089800000, 0x0000000089800000| Complete 
| 119|0x0000000089900000, 0x0000000089900000, 0x0000000089a00000|  0%| F|  |TAMS 0x0000000089900000, 0x0000000089900000| Untracked 
| 120|0x0000000089a00000, 0x0000000089a00000, 0x0000000089b00000|  0%| F|  |TAMS 0x0000000089a00000, 0x0000000089a00000| Untracked 
| 121|0x0000000089b00000, 0x0000000089b00000, 0x0000000089c00000|  0%| F|  |TAMS 0x0000000089b00000, 0x0000000089b00000| Untracked 
| 122|0x0000000089c00000, 0x0000000089c00000, 0x0000000089d00000|  0%| F|  |TAMS 0x0000000089c00000, 0x0000000089c00000| Untracked 
| 123|0x0000000089d00000, 0x0000000089d00000, 0x0000000089e00000|  0%| F|  |TAMS 0x0000000089d00000, 0x0000000089d00000| Untracked 
| 124|0x0000000089e00000, 0x0000000089e00000, 0x0000000089f00000|  0%| F|  |TAMS 0x0000000089e00000, 0x0000000089e00000| Untracked 
| 125|0x0000000089f00000, 0x0000000089f00000, 0x000000008a000000|  0%| F|  |TAMS 0x0000000089f00000, 0x0000000089f00000| Untracked 

Card table byte_map: [0x0000000016b20000,0x0000000016f10000] _byte_map_base: 0x000000001670f000

Marking Bits (Prev, Next): (CMBitMap*) 0x000000001b210e88, (CMBitMap*) 0x000000001b210ec0
 Prev Bits: [0x0000000017300000, 0x0000000019278000)
 Next Bits: [0x0000000019280000, 0x000000001b1f8000)

Polling page: 0x0000000000380000

Metaspace:

Usage:
  Non-class:      7.20 MB capacity,     7.08 MB ( 98%) used,   120.95 KB (  2%) free+waste,     6.13 KB ( <1%) overhead. 
      Class:    775.00 KB capacity,   723.93 KB ( 93%) used,    48.45 KB (  6%) free+waste,     2.63 KB ( <1%) overhead. 
       Both:      7.96 MB capacity,     7.78 MB ( 98%) used,   169.40 KB (  2%) free+waste,     8.75 KB ( <1%) overhead. 

Virtual space:
  Non-class space:       16.00 MB reserved,       7.25 MB ( 45%) committed 
      Class space:        1.00 GB reserved,     896.00 KB ( <1%) committed 
             Both:        1.02 GB reserved,       8.13 MB ( <1%) committed 

Chunk freelists:
   Non-Class:  51.00 KB
       Class:  25.00 KB
        Both:  76.00 KB

MaxMetaspaceSize: 17179869184.00 GB
CompressedClassSpaceSize: 1.00 GB

CodeHeap 'non-profiled nmethods': size=120000Kb used=88Kb max_used=88Kb free=119911Kb
 bounds [0x000000000e830000, 0x000000000eaa0000, 0x0000000015d60000]
CodeHeap 'profiled nmethods': size=120000Kb used=544Kb max_used=544Kb free=119455Kb
 bounds [0x0000000007300000, 0x0000000007570000, 0x000000000e830000]
CodeHeap 'non-nmethods': size=5760Kb used=1067Kb max_used=1073Kb free=4692Kb
 bounds [0x0000000006d60000, 0x0000000006fd0000, 0x0000000007300000]
 total_blobs=744 nmethods=372 adapters=284
 compilation: enabled
              stopped_count=0, restarted_count=0
 full_count=0

Compilation events (20 events):
Event: 0.236 Thread 0x000000005e414000  362       3       java.lang.String::charAt (25 bytes)
Event: 0.236 Thread 0x000000005e414000 nmethod 362 0x0000000007385890 code [0x0000000007385aa0, 0x0000000007385fb8]
Event: 0.236 Thread 0x000000005e414000  363       3       java.lang.ref.WeakReference::<init> (7 bytes)
Event: 0.236 Thread 0x000000005e414000 nmethod 363 0x0000000007386210 code [0x00000000073863e0, 0x00000000073866b8]
Event: 0.236 Thread 0x000000005e414000  364       3       java.lang.String::startsWith (7 bytes)
Event: 0.236 Thread 0x000000005e414000 nmethod 364 0x0000000007386790 code [0x0000000007386940, 0x0000000007386a88]
Event: 0.237 Thread 0x000000005e414000  365       3       java.util.zip.ZipFile$Source::getEntryHash (7 bytes)
Event: 0.237 Thread 0x000000005e414000 nmethod 365 0x0000000007386b10 code [0x0000000007386cc0, 0x0000000007386df8]
Event: 0.237 Thread 0x000000005e414000  366       1       java.net.URL::getProtocol (5 bytes)
Event: 0.237 Thread 0x000000005e414000 nmethod 366 0x000000000e845790 code [0x000000000e845940, 0x000000000e8459f8]
Event: 0.238 Thread 0x000000005e414000  367       3       java.util.Arrays::copyOf (10 bytes)
Event: 0.238 Thread 0x000000005e414000 nmethod 367 0x0000000007386f10 code [0x00000000073870c0, 0x00000000073871e8]
Event: 0.238 Thread 0x000000005e414000  368       3       java.nio.Buffer::limit (65 bytes)
Event: 0.239 Thread 0x000000005e414000 nmethod 368 0x0000000007387290 code [0x0000000007387460, 0x0000000007387708]
Event: 0.239 Thread 0x000000005e414000  369       3       java.nio.ByteBuffer::arrayOffset (35 bytes)
Event: 0.239 Thread 0x000000005e414000 nmethod 369 0x0000000007387810 code [0x00000000073879e0, 0x0000000007387c58]
Event: 0.239 Thread 0x000000005e414000  370       3       java.nio.CharBuffer::arrayOffset (35 bytes)
Event: 0.239 Thread 0x000000005e414000 nmethod 370 0x0000000007387d90 code [0x0000000007387f60, 0x00000000073881d8]
Event: 0.537 Thread 0x000000005e414000  372       1       java.util.jar.Attributes$Name::hashCode (5 bytes)
Event: 0.538 Thread 0x000000005e414000 nmethod 372 0x000000000e845f90 code [0x000000000e846140, 0x000000000e8461f8]

GC Heap History (2 events):
Event: 0.540 GC heap before
{Heap before GC invocations=0 (full 0):
 garbage-first heap   total 129024K, used 6144K [0x0000000082200000, 0x0000000100000000)
  region size 1024K, 7 young (7168K), 0 survivors (0K)
 Metaspace       used 7969K, capacity 8148K, committed 8320K, reserved 1062912K
  class space    used 723K, capacity 775K, committed 896K, reserved 1048576K
}
Event: 0.569 GC heap after
{Heap after GC invocations=1 (full 0):
 garbage-first heap   total 129024K, used 1760K [0x0000000082200000, 0x0000000100000000)
  region size 1024K, 2 young (2048K), 2 survivors (2048K)
 Metaspace       used 7969K, capacity 8148K, committed 8320K, reserved 1062912K
  class space    used 723K, capacity 775K, committed 896K, reserved 1048576K
}

Deoptimization events (8 events):
Event: 0.101 Thread 0x000000000034f800 Uncommon trap: trap_request=0xffffff4d fr.pc=0x000000000e833f04 relative=0x00000000000001e4
Event: 0.101 Thread 0x000000000034f800 Uncommon trap: reason=unstable_if action=reinterpret pc=0x000000000e833f04 method=java.lang.String.hashCode()I @ 14 c2
Event: 0.101 Thread 0x000000000034f800 DEOPT PACKING pc=0x000000000e833f04 sp=0x0000000002c1d9f0
Event: 0.101 Thread 0x000000000034f800 DEOPT UNPACKING pc=0x0000000006d873af sp=0x0000000002c1d988 mode 2
Event: 0.235 Thread 0x000000000034f800 Uncommon trap: trap_request=0xffffff4d fr.pc=0x000000000e83742c relative=0x000000000000006c
Event: 0.235 Thread 0x000000000034f800 Uncommon trap: reason=unstable_if action=reinterpret pc=0x000000000e83742c method=java.lang.String.charAt(I)C @ 4 c2
Event: 0.235 Thread 0x000000000034f800 DEOPT PACKING pc=0x000000000e83742c sp=0x0000000002c1e540
Event: 0.235 Thread 0x000000000034f800 DEOPT UNPACKING pc=0x0000000006d873af sp=0x0000000002c1e4e0 mode 2

Classes redefined (0 events):
No events

Internal exceptions (0 events):
No events

Events (20 events):
Event: 0.248 loading class sun/net/NetHooks done
Event: 0.248 loading class java/net/Socket$3
Event: 0.248 loading class java/net/Socket$3 done
Event: 0.248 loading class java/net/SocketOutputStream
Event: 0.248 loading class java/net/SocketOutputStream done
Event: 0.248 loading class java/net/Socket$2
Event: 0.248 loading class java/net/Socket$2 done
Event: 0.248 loading class java/net/SocketInputStream
Event: 0.248 loading class java/net/SocketInputStream done
Event: 0.534 loading class org/xml/sax/InputSource
Event: 0.534 loading class org/xml/sax/InputSource done
Event: 0.534 loading class sun/nio/cs/StreamDecoder
Event: 0.535 loading class sun/nio/cs/StreamDecoder done
Event: 0.535 loading class uk/co/wilson/xml/MinML$1
Event: 0.535 loading class uk/co/wilson/xml/MinML$1 done
Event: 0.537 loading class org/apache/xmlrpc/XmlRpc$Value
Event: 0.537 loading class org/apache/xmlrpc/XmlRpc$Value done
Event: 0.539 loading class java/util/IdentityHashMap$KeyIterator
Event: 0.539 loading class java/util/IdentityHashMap$IdentityHashMapIterator
Event: 0.540 Executing VM operation: CollectForMetadataAllocation


Dynamic libraries:
0x000000013f380000 - 0x000000013f38a000 	C:\Users\dell\Desktop\tools\IntelliJ IDEA 2020.3.2\jbr\bin\java.exe
0x0000000077230000 - 0x00000000773cf000 	C:\Windows\SYSTEM32\ntdll.dll
0x0000000077110000 - 0x000000007722f000 	C:\Windows\system32\kernel32.dll
0x000007fefcf90000 - 0x000007fefcff7000 	C:\Windows\system32\KERNELBASE.dll
0x000007fee7be0000 - 0x000007fee7bf9000 	C:\Users\dell\Desktop\tools\IntelliJ IDEA 2020.3.2\jbr\bin\jli.dll
0x000007fefad00000 - 0x000007fefaef5000 	C:\Windows\WinSxS\amd64_microsoft.windows.common-controls_6595b64144ccf1df_6.0.7601.24483_none_e372d88f30fbb845\COMCTL32.dll
0x000007fefeb90000 - 0x000007fefec2f000 	C:\Windows\system32\msvcrt.dll
0x000007fefeca0000 - 0x000007fefed07000 	C:\Windows\system32\GDI32.dll
0x0000000077010000 - 0x000000007710b000 	C:\Windows\system32\USER32.dll
0x000007fefec30000 - 0x000007fefec3e000 	C:\Windows\system32\LPK.dll
0x000007fefe960000 - 0x000007fefea2b000 	C:\Windows\system32\USP10.dll
0x000007fefea30000 - 0x000007fefeaa1000 	C:\Windows\system32\SHLWAPI.dll
0x000007feecdb0000 - 0x000007feecdc7000 	C:\Users\dell\Desktop\tools\IntelliJ IDEA 2020.3.2\jbr\bin\VCRUNTIME140.dll
0x000007fee7e50000 - 0x000007fee7e54000 	C:\Windows\system32\api-ms-win-crt-runtime-l1-1-0.dll
0x000007fee7d50000 - 0x000007fee7e44000 	C:\Windows\system32\ucrtbase.DLL
0x000007fee7d40000 - 0x000007fee7d43000 	C:\Windows\system32\api-ms-win-core-timezone-l1-1-0.dll
0x000007fee7d30000 - 0x000007fee7d33000 	C:\Windows\system32\api-ms-win-core-file-l2-1-0.dll
0x000007fee7d20000 - 0x000007fee7d23000 	C:\Windows\system32\api-ms-win-core-localization-l1-2-0.dll
0x000007fefbf30000 - 0x000007fefbf33000 	C:\Windows\system32\api-ms-win-core-synch-l1-2-0.dll
0x000007fee7d10000 - 0x000007fee7d13000 	C:\Windows\system32\api-ms-win-core-processthreads-l1-1-1.dll
0x000007fee7d00000 - 0x000007fee7d03000 	C:\Windows\system32\api-ms-win-core-file-l1-2-0.dll
0x000007fee7ce0000 - 0x000007fee7ce4000 	C:\Windows\system32\api-ms-win-crt-string-l1-1-0.dll
0x000007fee7cf0000 - 0x000007fee7cf3000 	C:\Windows\system32\api-ms-win-crt-heap-l1-1-0.dll
0x000007fee7cd0000 - 0x000007fee7cd4000 	C:\Windows\system32\api-ms-win-crt-stdio-l1-1-0.dll
0x000007fee7cc0000 - 0x000007fee7cc4000 	C:\Windows\system32\api-ms-win-crt-convert-l1-1-0.dll
0x000007fee7cb0000 - 0x000007fee7cb3000 	C:\Windows\system32\api-ms-win-crt-environment-l1-1-0.dll
0x000007fee7c80000 - 0x000007fee7c83000 	C:\Windows\system32\api-ms-win-crt-filesystem-l1-1-0.dll
0x000007fee7c90000 - 0x000007fee7c95000 	C:\Windows\system32\api-ms-win-crt-math-l1-1-0.dll
0x000007fee7790000 - 0x000007fee7793000 	C:\Windows\system32\api-ms-win-crt-locale-l1-1-0.dll
0x000007fefd140000 - 0x000007fefd16e000 	C:\Windows\system32\IMM32.DLL
0x000007fefd320000 - 0x000007fefd42b000 	C:\Windows\system32\MSCTF.dll
0x000007fefbf40000 - 0x000007fefbfee000 	C:\Windows\system32\tmumh\20019\AddOn\7.0.0.1181\TmUmEvt64.dll
0x00000000773e0000 - 0x00000000773e7000 	C:\Windows\system32\PSAPI.DLL
0x000007fefeab0000 - 0x000007fefeb8b000 	C:\Windows\system32\ADVAPI32.dll
0x000007fefd170000 - 0x000007fefd18f000 	C:\Windows\SYSTEM32\sechost.dll
0x000007fefe830000 - 0x000007fefe95c000 	C:\Windows\system32\RPCRT4.dll
0x00000000749d0000 - 0x0000000074aea000 	C:\Windows\system32\tmumh\20019\TmMon\2.5.0.2101\tmmon64.dll
0x000007fed6260000 - 0x000007fed62fd000 	C:\Users\dell\Desktop\tools\IntelliJ IDEA 2020.3.2\jbr\bin\msvcp140.dll
0x000007fef9610000 - 0x000007fef9615000 	C:\Windows\system32\api-ms-win-crt-multibyte-l1-1-0.dll
0x000007fee7c70000 - 0x000007fee7c73000 	C:\Windows\system32\api-ms-win-crt-time-l1-1-0.dll
0x000007fee7ca0000 - 0x000007fee7ca3000 	C:\Windows\system32\api-ms-win-crt-utility-l1-1-0.dll
0x000007fee68e0000 - 0x000007fee73ae000 	C:\Users\dell\Desktop\tools\IntelliJ IDEA 2020.3.2\jbr\bin\server\jvm.dll
0x000007fef6350000 - 0x000007fef6359000 	C:\Windows\system32\WSOCK32.dll
0x000007fefe7e0000 - 0x000007fefe82d000 	C:\Windows\system32\WS2_32.dll
0x000007fefd430000 - 0x000007fefd438000 	C:\Windows\system32\NSI.dll
0x000007fef9d30000 - 0x000007fef9d6b000 	C:\Windows\system32\WINMM.dll
0x000007fefbef0000 - 0x000007fefbefc000 	C:\Windows\system32\VERSION.dll
0x000007fee7c50000 - 0x000007fee7c61000 	C:\Users\dell\Desktop\tools\IntelliJ IDEA 2020.3.2\jbr\bin\verify.dll
0x000007fef7800000 - 0x000007fef7925000 	C:\Windows\system32\DBGHELP.DLL
0x000007fee7c20000 - 0x000007fee7c49000 	C:\Users\dell\Desktop\tools\IntelliJ IDEA 2020.3.2\jbr\bin\java.dll
0x000007fee7c10000 - 0x000007fee7c1b000 	C:\Users\dell\Desktop\tools\IntelliJ IDEA 2020.3.2\jbr\bin\jimage.dll
0x000007fee7b80000 - 0x000007fee7b98000 	C:\Users\dell\Desktop\tools\IntelliJ IDEA 2020.3.2\jbr\bin\zip.dll
0x000007fefd760000 - 0x000007fefe4eb000 	C:\Windows\system32\SHELL32.dll
0x000007fefed10000 - 0x000007fefef0f000 	C:\Windows\system32\ole32.dll
0x000007fefcd90000 - 0x000007fefcd9f000 	C:\Windows\system32\profapi.dll
0x000007fee7b60000 - 0x000007fee7b7a000 	C:\Users\dell\Desktop\tools\IntelliJ IDEA 2020.3.2\jbr\bin\net.dll
0x000007fef8ac0000 - 0x000007fef8b31000 	C:\Windows\system32\WINHTTP.dll
0x000007fef8a50000 - 0x000007fef8ab5000 	C:\Windows\system32\webio.dll
0x000007fefc4c0000 - 0x000007fefc515000 	C:\Windows\system32\mswsock.dll
0x000007fefc4b0000 - 0x000007fefc4b7000 	C:\Windows\System32\wship6.dll
0x000007fee7b40000 - 0x000007fee7b54000 	C:\Users\dell\Desktop\tools\IntelliJ IDEA 2020.3.2\jbr\bin\nio.dll

dbghelp: loaded successfully - version: 4.0.5 - missing functions: none
symbol engine: initialized successfully - sym options: 0x614 - pdb path: .;C:\Users\dell\Desktop\tools\IntelliJ IDEA 2020.3.2\jbr\bin;C:\Windows\SYSTEM32;C:\Windows\WinSxS\amd64_microsoft.windows.common-controls_6595b64144ccf1df_6.0.7601.24483_none_e372d88f30fbb845;C:\Windows\system32\tmumh\20019\AddOn\7.0.0.1181;C:\Windows\system32\tmumh\20019\TmMon\2.5.0.2101;C:\Users\dell\Desktop\tools\IntelliJ IDEA 2020.3.2\jbr\bin\server

VM Arguments:
java_command: org.jetbrains.git4idea.http.GitAskPassApp Username for 'http://192.168.6.83:30080': 
java_class_path (initial): C:/Users/dell/Desktop/tools/IntelliJ IDEA 2020.3.2/plugins/git4idea/lib/git4idea-rt.jar;C:/Users/dell/Desktop/tools/IntelliJ IDEA 2020.3.2/lib/xmlrpc-2.0.1.jar;C:/Users/dell/Desktop/tools/IntelliJ IDEA 2020.3.2/lib/commons-codec-1.14.jar
Launcher Type: SUN_STANDARD

[Global flags]
     intx CICompilerCount                          = 4                                         {product} {ergonomic}
     uint ConcGCThreads                            = 2                                         {product} {ergonomic}
     uint G1ConcRefinementThreads                  = 8                                         {product} {ergonomic}
   size_t G1HeapRegionSize                         = 1048576                                   {product} {ergonomic}
    uintx GCDrainStackTargetSize                   = 64                                        {product} {ergonomic}
   size_t InitialHeapSize                          = 132120576                                 {product} {ergonomic}
   size_t MarkStackSize                            = 4194304                                   {product} {ergonomic}
   size_t MaxHeapSize                              = 2111832064                                {product} {ergonomic}
   size_t MaxNewSize                               = 1266679808                                {product} {ergonomic}
   size_t MinHeapDeltaBytes                        = 1048576                                   {product} {ergonomic}
    uintx NonNMethodCodeHeapSize                   = 5836300                                {pd product} {ergonomic}
    uintx NonProfiledCodeHeapSize                  = 122910970                              {pd product} {ergonomic}
    uintx ProfiledCodeHeapSize                     = 122910970                              {pd product} {ergonomic}
    uintx ReservedCodeCacheSize                    = 251658240                              {pd product} {ergonomic}
     bool SegmentedCodeCache                       = true                                      {product} {ergonomic}
     bool UseCompressedClassPointers               = true                                 {lp64_product} {ergonomic}
     bool UseCompressedOops                        = true                                 {lp64_product} {ergonomic}
     bool UseG1GC                                  = true                                      {product} {ergonomic}
     bool UseLargePagesIndividualAllocation        = false                                  {pd product} {ergonomic}

Logging:
Log output configuration:
 #0: stdout all=warning uptime,level,tags
 #1: stderr all=off uptime,level,tags

Environment Variables:
JAVA_HOME=C:\Program Files\Java\jdk1.8.0_73
CLASSPATH=,;C:\Program Files\Java\jdk1.8.0_73\lib;C:\Program Files\Java\jdk1.8.0_73\lib\tools.jar
PATH=C:/Program Files/Git/mingw64/libexec/git-core;C:/Program Files/Git/mingw64/libexec/git-core;C:\Program Files\Git\mingw64\bin;C:\Program Files\Git\usr\bin;C:\Users\dell\bin;C:\Users\dell\Desktop\g\maven\apache-maven-3.0.4\bin;C:\Users\dell\Desktop\tools\maven\apache-maven-3.0.4\bin;C:\Program Files\Java\jdk1.8.0_73\bin;C:\ProgramData\Oracle\Java\javapath;C:\Windows\system32;C:\Windows;C:\Windows\System32\Wbem;C:\Windows\System32\WindowsPowerShell\v1.0\;C:\Program Files (x86)\NVIDIA Corporation\PhysX\Common;C:\Program Files\Git\cmd;C:\Users\dell\Desktop\tools\xshell\;C:\Users\dell\Desktop\tools\xftp\
USERNAME=dell
DISPLAY=:0.0
LC_ALL=en_US.UTF-8
OS=Windows_NT
PROCESSOR_IDENTIFIER=Intel64 Family 6 Model 158 Stepping 9, GenuineIntel



---------------  S Y S T E M  ---------------

OS: Windows 7 , 64 bit Build 7601 (6.1.7601.24545)
OS uptime: 10 days 4:19 hours

CPU:total 8 (initial active 8) (4 cores per cpu, 2 threads per core) family 6 model 158 stepping 9, cmov, cx8, fxsr, mmx, sse, sse2, sse3, ssse3, sse4.1, sse4.2, popcnt, avx, avx2, aes, clmul, erms, rtm, 3dnowpref, lzcnt, ht, tsc, tscinvbit, bmi1, bmi2, adx, fma

Memory: 4k page, system-wide physical 8050M (1229M free)
TotalPageFile size 12144M (AvailPageFile size 0M)
current process WorkingSet (physical memory assigned to process): 52M, peak: 52M
current process commit charge ("private bytes"): 216M, peak: 217M

vm_info: OpenJDK 64-Bit Server VM (11.0.9.1+11-b1145.77) for windows-amd64 JRE (11.0.9.1+11-b1145.77), built on Jan 16 2021 05:14:13 by "" with MS VC++ 14.0 (VS2015)

END.
