#
# There is insufficient memory for the Java Runtime Environment to continue.
# Native memory allocation (malloc) failed to allocate 1956368 bytes for Chunk::new
# Possible reasons:
#   The system is out of physical RAM or swap space
#   In 32 bit mode, the process size limit was hit
# Possible solutions:
#   Reduce memory load on the system
#   Increase physical memory or swap space
#   Check if swap backing store is full
#   Use 64 bit Java on a 64 bit OS
#   Decrease Java heap size (-Xmx/-Xms)
#   Decrease number of Java threads
#   Decrease Java thread stack sizes (-Xss)
#   Set larger code cache with -XX:ReservedCodeCacheSize=
# This output file may be truncated or incomplete.
#
#  Out of Memory Error (allocation.cpp:390), pid=21816, tid=19476
#
# JRE version: Java(TM) SE Runtime Environment (8.0_73-b02) (build 1.8.0_73-b02)
# Java VM: Java HotSpot(TM) 64-Bit Server VM (25.73-b02 mixed mode windows-amd64 compressed oops)
# Failed to write core dump. Minidumps are not enabled by default on client versions of Windows
#

---------------  T H R E A D  ---------------

Current thread (0x00000000593ed000):  JavaThread "C2 CompilerThread0" daemon [_thread_in_native, id=19476, stack(0x000000005ae10000,0x000000005af10000)]

Stack: [0x000000005ae10000,0x000000005af10000]
[error occurred during error reporting (printing stack bounds), id 0xc0000005]

Native frames: (J=compiled Java code, j=interpreted, Vv=VM code, C=native code)


Current CompileTask:
C2:  13024 1981       4       org.apache.maven.repository.internal.DefaultArtifactDescriptorReader::convert (191 bytes)


---------------  P R O C E S S  ---------------

Java Threads: ( => current thread )
  0x00000000594a1800 JavaThread "Service Thread" daemon [_thread_blocked, id=22836, stack(0x000000005b510000,0x000000005b610000)]
  0x00000000593fe800 JavaThread "C1 CompilerThread3" daemon [_thread_blocked, id=5848, stack(0x000000005b320000,0x000000005b420000)]
  0x00000000593f5000 JavaThread "C2 CompilerThread2" daemon [_thread_blocked, id=23408, stack(0x000000005b190000,0x000000005b290000)]
  0x00000000593ee000 JavaThread "C2 CompilerThread1" daemon [_thread_blocked, id=8540, stack(0x000000005afc0000,0x000000005b0c0000)]
=>0x00000000593ed000 JavaThread "C2 CompilerThread0" daemon [_thread_in_native, id=19476, stack(0x000000005ae10000,0x000000005af10000)]
  0x00000000593df800 JavaThread "Monitor Ctrl-Break" daemon [_thread_in_native, id=21240, stack(0x000000005ad00000,0x000000005ae00000)]
  0x00000000593b7800 JavaThread "Attach Listener" daemon [_thread_blocked, id=16616, stack(0x000000005aaf0000,0x000000005abf0000)]
  0x00000000593b6800 JavaThread "Signal Dispatcher" daemon [_thread_blocked, id=23268, stack(0x000000005a8c0000,0x000000005a9c0000)]
  0x000000005850f800 JavaThread "Finalizer" daemon [_thread_blocked, id=1404, stack(0x000000005a710000,0x000000005a810000)]
  0x0000000058507800 JavaThread "Reference Handler" daemon [_thread_blocked, id=19012, stack(0x000000005a5a0000,0x000000005a6a0000)]
  0x00000000024a8000 JavaThread "main" [_thread_in_native, id=6772, stack(0x0000000002720000,0x0000000002820000)]

Other Threads:
  0x0000000058500800 VMThread [stack: 0x000000005a330000,0x000000005a430000] [id=15232]
  0x00000000594bf000 WatcherThread [stack: 0x000000005a9f0000,0x000000005aaf0000] [id=22696]

VM state:not at safepoint (normal execution)

VM Mutex/Monitor currently owned by a thread: None

Heap:
 PSYoungGen      total 37376K, used 10195K [0x00000000d6100000, 0x00000000d9180000, 0x0000000100000000)
  eden space 32256K, 15% used [0x00000000d6100000,0x00000000d65f6d68,0x00000000d8080000)
  from space 5120K, 99% used [0x00000000d8100000,0x00000000d85fe030,0x00000000d8600000)
  to   space 8704K, 0% used [0x00000000d8900000,0x00000000d8900000,0x00000000d9180000)
 ParOldGen       total 86016K, used 6537K [0x0000000082200000, 0x0000000087600000, 0x00000000d6100000)
  object space 86016K, 7% used [0x0000000082200000,0x0000000082862638,0x0000000087600000)
 Metaspace       used 13046K, capacity 13268K, committed 13440K, reserved 1060864K
  class space    used 1562K, capacity 1645K, committed 1664K, reserved 1048576K

Card table byte_map: [0x0000000012400000,0x00000000127f0000] byte_map_base: 0x0000000011fef000

Marking Bits: (ParMarkBitMap*) 0x0000000065bf0600
 Begin Bits: [0x0000000013840000, 0x00000000157b8000)
 End Bits:   [0x00000000157b8000, 0x0000000017730000)

Polling page: 0x0000000000480000

CodeCache: size=245760Kb used=7100Kb max_used=7327Kb free=238659Kb
 bounds [0x0000000003040000, 0x0000000003790000, 0x0000000012040000]
 total_blobs=2285 nmethods=1958 adapters=239
 compilation: enabled

Compilation events (10 events):
Event: 12.766 Thread 0x00000000593fe800 nmethod 2022 0x0000000003268050 code [0x0000000003268320, 0x0000000003269878]
Event: 12.766 Thread 0x00000000593fe800 2024       1       org.apache.maven.ReactorReader::getRepository (5 bytes)
Event: 12.766 Thread 0x00000000593fe800 nmethod 2024 0x0000000003158010 code [0x0000000003158160, 0x0000000003158270]
Event: 12.784 Thread 0x00000000593ee000 2025       4       java.util.regex.Pattern$Dot::isSatisfiedBy (34 bytes)
Event: 12.784 Thread 0x00000000593ee000 nmethod 2025 0x0000000003183dd0 code [0x0000000003183f20, 0x0000000003183fd8]
Event: 12.785 Thread 0x00000000593fe800 2026       1       org.sonatype.aether.util.version.GenericVersion$Tokenizer::getToken (5 bytes)
Event: 12.785 Thread 0x00000000593fe800 nmethod 2026 0x0000000003313f50 code [0x00000000033140a0, 0x00000000033141b0]
Event: 12.785 Thread 0x00000000593fe800 2027       1       org.sonatype.aether.util.version.GenericVersion$Tokenizer::isNumber (5 bytes)
Event: 12.785 Thread 0x00000000593fe800 nmethod 2027 0x0000000003191b90 code [0x0000000003191ce0, 0x0000000003191df0]
Event: 12.837 Thread 0x00000000593f5000 nmethod 2014 0x0000000003770210 code [0x0000000003770920, 0x0000000003776170]

GC Heap History (10 events):
Event: 6.312 GC heap before
{Heap before GC invocations=1 (full 0):
 PSYoungGen      total 37888K, used 32768K [0x00000000d6100000, 0x00000000d8b00000, 0x0000000100000000)
  eden space 32768K, 100% used [0x00000000d6100000,0x00000000d8100000,0x00000000d8100000)
  from space 5120K, 0% used [0x00000000d8600000,0x00000000d8600000,0x00000000d8b00000)
  to   space 5120K, 0% used [0x00000000d8100000,0x00000000d8100000,0x00000000d8600000)
 ParOldGen       total 86016K, used 0K [0x0000000082200000, 0x0000000087600000, 0x00000000d6100000)
  object space 86016K, 0% used [0x0000000082200000,0x0000000082200000,0x0000000087600000)
 Metaspace       used 7527K, capacity 7688K, committed 7936K, reserved 1056768K
  class space    used 942K, capacity 988K, committed 1024K, reserved 1048576K
Event: 6.318 GC heap after
Heap after GC invocations=1 (full 0):
 PSYoungGen      total 37888K, used 4530K [0x00000000d6100000, 0x00000000d8b00000, 0x0000000100000000)
  eden space 32768K, 0% used [0x00000000d6100000,0x00000000d6100000,0x00000000d8100000)
  from space 5120K, 88% used [0x00000000d8100000,0x00000000d856c828,0x00000000d8600000)
  to   space 5120K, 0% used [0x00000000d8600000,0x00000000d8600000,0x00000000d8b00000)
 ParOldGen       total 86016K, used 16K [0x0000000082200000, 0x0000000087600000, 0x00000000d6100000)
  object space 86016K, 0% used [0x0000000082200000,0x0000000082204000,0x0000000087600000)
 Metaspace       used 7527K, capacity 7688K, committed 7936K, reserved 1056768K
  class space    used 942K, capacity 988K, committed 1024K, reserved 1048576K
}
Event: 7.790 GC heap before
{Heap before GC invocations=2 (full 0):
 PSYoungGen      total 37888K, used 37298K [0x00000000d6100000, 0x00000000d8b00000, 0x0000000100000000)
  eden space 32768K, 100% used [0x00000000d6100000,0x00000000d8100000,0x00000000d8100000)
  from space 5120K, 88% used [0x00000000d8100000,0x00000000d856c828,0x00000000d8600000)
  to   space 5120K, 0% used [0x00000000d8600000,0x00000000d8600000,0x00000000d8b00000)
 ParOldGen       total 86016K, used 16K [0x0000000082200000, 0x0000000087600000, 0x00000000d6100000)
  object space 86016K, 0% used [0x0000000082200000,0x0000000082204000,0x0000000087600000)
 Metaspace       used 11898K, capacity 12090K, committed 12288K, reserved 1060864K
  class space    used 1471K, capacity 1535K, committed 1536K, reserved 1048576K
Event: 7.796 GC heap after
Heap after GC invocations=2 (full 0):
 PSYoungGen      total 37888K, used 5112K [0x00000000d6100000, 0x00000000d8b00000, 0x0000000100000000)
  eden space 32768K, 0% used [0x00000000d6100000,0x00000000d6100000,0x00000000d8100000)
  from space 5120K, 99% used [0x00000000d8600000,0x00000000d8afe038,0x00000000d8b00000)
  to   space 5120K, 0% used [0x00000000d8100000,0x00000000d8100000,0x00000000d8600000)
 ParOldGen       total 86016K, used 1582K [0x0000000082200000, 0x0000000087600000, 0x00000000d6100000)
  object space 86016K, 1% used [0x0000000082200000,0x000000008238b918,0x0000000087600000)
 Metaspace       used 11898K, capacity 12090K, committed 12288K, reserved 1060864K
  class space    used 1471K, capacity 1535K, committed 1536K, reserved 1048576K
}
Event: 10.304 GC heap before
{Heap before GC invocations=3 (full 0):
 PSYoungGen      total 37888K, used 37880K [0x00000000d6100000, 0x00000000d8b00000, 0x0000000100000000)
  eden space 32768K, 100% used [0x00000000d6100000,0x00000000d8100000,0x00000000d8100000)
  from space 5120K, 99% used [0x00000000d8600000,0x00000000d8afe038,0x00000000d8b00000)
  to   space 5120K, 0% used [0x00000000d8100000,0x00000000d8100000,0x00000000d8600000)
 ParOldGen       total 86016K, used 1582K [0x0000000082200000, 0x0000000087600000, 0x00000000d6100000)
  object space 86016K, 1% used [0x0000000082200000,0x000000008238b918,0x0000000087600000)
 Metaspace       used 12710K, capacity 12896K, committed 13184K, reserved 1060864K
  class space    used 1533K, capacity 1608K, committed 1664K, reserved 1048576K
Event: 10.308 GC heap after
Heap after GC invocations=3 (full 0):
 PSYoungGen      total 37888K, used 5112K [0x00000000d6100000, 0x00000000d8b00000, 0x0000000100000000)
  eden space 32768K, 0% used [0x00000000d6100000,0x00000000d6100000,0x00000000d8100000)
  from space 5120K, 99% used [0x00000000d8100000,0x00000000d85fe238,0x00000000d8600000)
  to   space 5120K, 0% used [0x00000000d8600000,0x00000000d8600000,0x00000000d8b00000)
 ParOldGen       total 86016K, used 1982K [0x0000000082200000, 0x0000000087600000, 0x00000000d6100000)
  object space 86016K, 2% used [0x0000000082200000,0x00000000823ef968,0x0000000087600000)
 Metaspace       used 12710K, capacity 12896K, committed 13184K, reserved 1060864K
  class space    used 1533K, capacity 1608K, committed 1664K, reserved 1048576K
}
Event: 11.682 GC heap before
{Heap before GC invocations=4 (full 0):
 PSYoungGen      total 37888K, used 37880K [0x00000000d6100000, 0x00000000d8b00000, 0x0000000100000000)
  eden space 32768K, 100% used [0x00000000d6100000,0x00000000d8100000,0x00000000d8100000)
  from space 5120K, 99% used [0x00000000d8100000,0x00000000d85fe238,0x00000000d8600000)
  to   space 5120K, 0% used [0x00000000d8600000,0x00000000d8600000,0x00000000d8b00000)
 ParOldGen       total 86016K, used 1982K [0x0000000082200000, 0x0000000087600000, 0x00000000d6100000)
  object space 86016K, 2% used [0x0000000082200000,0x00000000823ef968,0x0000000087600000)
 Metaspace       used 12958K, capacity 13184K, committed 13440K, reserved 1060864K
  class space    used 1559K, capacity 1640K, committed 1664K, reserved 1048576K
Event: 11.703 GC heap after
Heap after GC invocations=4 (full 0):
 PSYoungGen      total 37888K, used 5112K [0x00000000d6100000, 0x00000000d8b00000, 0x0000000100000000)
  eden space 32768K, 0% used [0x00000000d6100000,0x00000000d6100000,0x00000000d8100000)
  from space 5120K, 99% used [0x00000000d8600000,0x00000000d8afe010,0x00000000d8b00000)
  to   space 5120K, 0% used [0x00000000d8100000,0x00000000d8100000,0x00000000d8600000)
 ParOldGen       total 86016K, used 4745K [0x0000000082200000, 0x0000000087600000, 0x00000000d6100000)
  object space 86016K, 5% used [0x0000000082200000,0x00000000826a2618,0x0000000087600000)
 Metaspace       used 12958K, capacity 13184K, committed 13440K, reserved 1060864K
  class space    used 1559K, capacity 1640K, committed 1664K, reserved 1048576K
}
Event: 12.525 GC heap before
{Heap before GC invocations=5 (full 0):
 PSYoungGen      total 37888K, used 37880K [0x00000000d6100000, 0x00000000d8b00000, 0x0000000100000000)
  eden space 32768K, 100% used [0x00000000d6100000,0x00000000d8100000,0x00000000d8100000)
  from space 5120K, 99% used [0x00000000d8600000,0x00000000d8afe010,0x00000000d8b00000)
  to   space 5120K, 0% used [0x00000000d8100000,0x00000000d8100000,0x00000000d8600000)
 ParOldGen       total 86016K, used 4745K [0x0000000082200000, 0x0000000087600000, 0x00000000d6100000)
  object space 86016K, 5% used [0x0000000082200000,0x00000000826a2618,0x0000000087600000)
 Metaspace       used 13041K, capacity 13268K, committed 13440K, reserved 1060864K
  class space    used 1562K, capacity 1645K, committed 1664K, reserved 1048576K
Event: 12.529 GC heap after
Heap after GC invocations=5 (full 0):
 PSYoungGen      total 37376K, used 5112K [0x00000000d6100000, 0x00000000d9180000, 0x0000000100000000)
  eden space 32256K, 0% used [0x00000000d6100000,0x00000000d6100000,0x00000000d8080000)
  from space 5120K, 99% used [0x00000000d8100000,0x00000000d85fe030,0x00000000d8600000)
  to   space 8704K, 0% used [0x00000000d8900000,0x00000000d8900000,0x00000000d9180000)
 ParOldGen       total 86016K, used 6537K [0x0000000082200000, 0x0000000087600000, 0x00000000d6100000)
  object space 86016K, 7% used [0x0000000082200000,0x0000000082862638,0x0000000087600000)
 Metaspace       used 13041K, capacity 13268K, committed 13440K, reserved 1060864K
  class space    used 1562K, capacity 1645K, committed 1664K, reserved 1048576K
}

Deoptimization events (10 events):
Event: 12.034 Thread 0x00000000024a8000 Uncommon trap: reason=unstable_if action=reinterpret pc=0x000000000369f620 method=org.codehaus.plexus.util.xml.pull.MXParser.nextImpl()I @ 280
Event: 12.074 Thread 0x00000000024a8000 Uncommon trap: reason=bimorphic action=maybe_recompile pc=0x00000000034a92c0 method=java.util.concurrent.ConcurrentHashMap.get(Ljava/lang/Object;)Ljava/lang/Object; @ 149
Event: 12.150 Thread 0x00000000024a8000 Uncommon trap: reason=unstable_if action=reinterpret pc=0x00000000036af508 method=java.util.regex.Pattern.closure(Ljava/util/regex/Pattern$Node;)Ljava/util/regex/Pattern$Node; @ 182
Event: 12.150 Thread 0x00000000024a8000 Uncommon trap: reason=class_check action=maybe_recompile pc=0x000000000359dd9c method=java.util.regex.Pattern$Node.study(Ljava/util/regex/Pattern$TreeInfo;)Z @ 12
Event: 12.150 Thread 0x00000000024a8000 Uncommon trap: reason=class_check action=maybe_recompile pc=0x000000000359dd9c method=java.util.regex.Pattern$Node.study(Ljava/util/regex/Pattern$TreeInfo;)Z @ 12
Event: 12.150 Thread 0x00000000024a8000 Uncommon trap: reason=class_check action=maybe_recompile pc=0x000000000359dd9c method=java.util.regex.Pattern$Node.study(Ljava/util/regex/Pattern$TreeInfo;)Z @ 12
Event: 12.150 Thread 0x00000000024a8000 Uncommon trap: reason=class_check action=maybe_recompile pc=0x000000000359dd9c method=java.util.regex.Pattern$Node.study(Ljava/util/regex/Pattern$TreeInfo;)Z @ 12
Event: 12.150 Thread 0x00000000024a8000 Uncommon trap: reason=class_check action=maybe_recompile pc=0x00000000036a318c method=org.codehaus.plexus.interpolation.MapBasedValueSource.getValue(Ljava/lang/String;)Ljava/lang/Object; @ 16
Event: 12.150 Thread 0x00000000024a8000 Uncommon trap: reason=class_check action=maybe_recompile pc=0x00000000036a318c method=org.codehaus.plexus.interpolation.MapBasedValueSource.getValue(Ljava/lang/String;)Ljava/lang/Object; @ 16
Event: 12.181 Thread 0x00000000024a8000 Uncommon trap: reason=unstable_if action=reinterpret pc=0x00000000035df3ac method=org.apache.maven.model.io.xpp3.MavenXpp3Reader.nextTag(Lorg/codehaus/plexus/util/xml/pull/XmlPullParser;)I @ 9

Internal exceptions (10 events):
Event: 6.047 Thread 0x00000000024a8000 Exception <a 'java/lang/ArrayIndexOutOfBoundsException'> (0x00000000d7f1f3c0) thrown at [D:\re\puppet\workspace\8-2-build-windows-amd64-cygwin\jdk8u73\6086\hotspot\src\share\vm\runtime\sharedRuntime.cpp, line 605]
Event: 6.640 Thread 0x00000000024a8000 Exception <a 'java/lang/NoClassDefFoundError': org/slf4j/Logger> (0x00000000d64d1888) thrown at [D:\re\puppet\workspace\8-2-build-windows-amd64-cygwin\jdk8u73\6086\hotspot\src\share\vm\classfile\systemDictionary.cpp, line 199]
Event: 6.687 Thread 0x00000000024a8000 Exception <a 'java/lang/NoClassDefFoundError': org/slf4j/LoggerFactory> (0x00000000d6809110) thrown at [D:\re\puppet\workspace\8-2-build-windows-amd64-cygwin\jdk8u73\6086\hotspot\src\share\vm\classfile\systemDictionary.cpp, line 199]
Event: 6.687 Thread 0x00000000024a8000 Exception <a 'java/lang/NoClassDefFoundError'> (0x00000000d6809110) thrown at [D:\re\puppet\workspace\8-2-build-windows-amd64-cygwin\jdk8u73\6086\hotspot\src\share\vm\oops\instanceKlass.cpp, line 948]
Event: 7.321 Thread 0x00000000024a8000 Implicit null exception at 0x000000000320dcd2 to 0x000000000320de99
Event: 8.394 Thread 0x00000000024a8000 Implicit null exception at 0x00000000034f55cc to 0x00000000034f67cd
Event: 10.202 Thread 0x00000000024a8000 Implicit null exception at 0x00000000035b96e7 to 0x00000000035b9931
Event: 10.318 Thread 0x00000000024a8000 Implicit null exception at 0x00000000033d2345 to 0x00000000033d2511
Event: 10.318 Thread 0x00000000024a8000 Implicit null exception at 0x00000000032fb62f to 0x00000000032fb695
Event: 11.759 Thread 0x00000000024a8000 Implicit null exception at 0x00000000036db2ec to 0x00000000036dc361

Events (10 events):
Event: 12.600 Thread 0x00000000593fe800 flushing nmethod 0x0000000003273b10
Event: 12.600 Thread 0x00000000593fe800 flushing nmethod 0x0000000003279ad0
Event: 12.760 Thread 0x00000000593fe800 flushing nmethod 0x00000000032a7350
Event: 12.760 Thread 0x00000000593fe800 flushing nmethod 0x00000000032aa050
Event: 12.760 Thread 0x00000000593fe800 flushing nmethod 0x00000000032b8bd0
Event: 12.760 Thread 0x00000000593fe800 flushing nmethod 0x00000000032b9210
Event: 12.760 Thread 0x00000000593fe800 flushing nmethod 0x00000000032bbc10
Event: 12.760 Thread 0x00000000593fe800 flushing nmethod 0x00000000032d2350
Event: 12.760 Thread 0x00000000593fe800 flushing nmethod 0x00000000032db310
Event: 12.762 Thread 0x00000000593ee000 flushing nmethod 0x0000000003313f50


Dynamic libraries:
0x000000013f2f0000 - 0x000000013f327000 	C:\Program Files\Java\jdk1.8.0_73\bin\java.exe
0x0000000077a70000 - 0x0000000077c0f000 	C:\Windows\SYSTEM32\ntdll.dll
0x0000000077850000 - 0x000000007796f000 	C:\Windows\system32\kernel32.dll
0x000007fefd730000 - 0x000007fefd797000 	C:\Windows\system32\KERNELBASE.dll
0x000007fefdd90000 - 0x000007fefde6b000 	C:\Windows\system32\ADVAPI32.dll
0x000007fefdf10000 - 0x000007fefdfaf000 	C:\Windows\system32\msvcrt.dll
0x000007feff190000 - 0x000007feff1af000 	C:\Windows\SYSTEM32\sechost.dll
0x000007fefdc60000 - 0x000007fefdd8c000 	C:\Windows\system32\RPCRT4.dll
0x0000000077970000 - 0x0000000077a6b000 	C:\Windows\system32\USER32.dll
0x000007fefe030000 - 0x000007fefe097000 	C:\Windows\system32\GDI32.dll
0x000007feff7d0000 - 0x000007feff7de000 	C:\Windows\system32\LPK.dll
0x000007feff1b0000 - 0x000007feff27b000 	C:\Windows\system32\USP10.dll
0x000007fefb5e0000 - 0x000007fefb7d5000 	C:\Windows\WinSxS\amd64_microsoft.windows.common-controls_6595b64144ccf1df_6.0.7601.24483_none_e372d88f30fbb845\COMCTL32.dll
0x000007feff9e0000 - 0x000007feffa51000 	C:\Windows\system32\SHLWAPI.dll
0x000007feffa60000 - 0x000007feffa8e000 	C:\Windows\system32\IMM32.DLL
0x000007fefeea0000 - 0x000007fefefab000 	C:\Windows\system32\MSCTF.dll
0x000007fefc780000 - 0x000007fefc82e000 	C:\Windows\system32\tmumh\20019\AddOn\7.0.0.1181\TmUmEvt64.dll
0x0000000077c20000 - 0x0000000077c27000 	C:\Windows\system32\PSAPI.DLL
0x0000000075210000 - 0x000000007532a000 	C:\Windows\system32\tmumh\20019\TmMon\2.5.0.2101\tmmon64.dll
0x0000000065c70000 - 0x0000000065d42000 	C:\Program Files\Java\jdk1.8.0_73\jre\bin\msvcr100.dll
0x00000000653e0000 - 0x0000000065c70000 	C:\Program Files\Java\jdk1.8.0_73\jre\bin\server\jvm.dll
0x000007fef76e0000 - 0x000007fef76e9000 	C:\Windows\system32\WSOCK32.dll
0x000007fefe0a0000 - 0x000007fefe0ed000 	C:\Windows\system32\WS2_32.dll
0x000007feff7e0000 - 0x000007feff7e8000 	C:\Windows\system32\NSI.dll
0x000007fefa570000 - 0x000007fefa5ab000 	C:\Windows\system32\WINMM.dll
0x000007fefc730000 - 0x000007fefc73c000 	C:\Windows\system32\VERSION.dll
0x000000006ddb0000 - 0x000000006ddbf000 	C:\Program Files\Java\jdk1.8.0_73\jre\bin\verify.dll
0x0000000068d00000 - 0x0000000068d29000 	C:\Program Files\Java\jdk1.8.0_73\jre\bin\java.dll
0x000000006d090000 - 0x000000006d0b3000 	C:\Program Files\Java\jdk1.8.0_73\jre\bin\instrument.dll
0x0000000069af0000 - 0x0000000069b06000 	C:\Program Files\Java\jdk1.8.0_73\jre\bin\zip.dll
0x000007fefe0f0000 - 0x000007fefee7b000 	C:\Windows\system32\SHELL32.dll
0x000007fefda60000 - 0x000007fefdc5f000 	C:\Windows\system32\ole32.dll
0x000007fefd5c0000 - 0x000007fefd5cf000 	C:\Windows\system32\profapi.dll
0x000007fee7b60000 - 0x000007fee7b7a000 	C:\Users\dell\Desktop\tools\IntelliJ IDEA 2020.3.2\bin\breakgen64.dll
0x0000000068270000 - 0x000000006828a000 	C:\Program Files\Java\jdk1.8.0_73\jre\bin\net.dll
0x000007fefcd00000 - 0x000007fefcd55000 	C:\Windows\system32\mswsock.dll
0x000007fefccf0000 - 0x000007fefccf7000 	C:\Windows\System32\wship6.dll
0x000007fefd3c0000 - 0x000007fefd417000 	C:\Windows\system32\apphelp.dll
0x0000000068250000 - 0x0000000068261000 	C:\Program Files\Java\jdk1.8.0_73\jre\bin\nio.dll

VM Arguments:
jvm_args: -Dmaven.home=C:\Users\dell\Desktop\g\maven\apache-maven-3.0.4 -Dclassworlds.conf=C:\Users\dell\Desktop\g\maven\apache-maven-3.0.4\bin\m2.conf -Dmaven.ext.class.path=C:\Users\dell\Desktop\tools\IntelliJ IDEA 2020.3.2\plugins\maven\lib\maven-event-listener.jar -javaagent:C:\Users\dell\Desktop\tools\IntelliJ IDEA 2020.3.2\lib\idea_rt.jar=57849:C:\Users\dell\Desktop\tools\IntelliJ IDEA 2020.3.2\bin -Dfile.encoding=UTF-8 
java_command: org.codehaus.classworlds.Launcher -Didea.version=2020.3.2 -s C:\Users\dell\Desktop\g\maven\apache-maven-3.0.4\conf\settings.xml -Dmaven.repo.local=C:\Users\dell\Desktop\g\maven\repository package
java_class_path (initial): C:\Users\dell\Desktop\g\maven\apache-maven-3.0.4\boot\plexus-classworlds-2.4.jar;C:\Users\dell\Desktop\tools\IntelliJ IDEA 2020.3.2\lib\idea_rt.jar
Launcher Type: SUN_STANDARD

Environment Variables:
JAVA_HOME=C:\Program Files\Java\jdk1.8.0_73
CLASSPATH=,;C:\Program Files\Java\jdk1.8.0_73\lib;C:\Program Files\Java\jdk1.8.0_73\lib\tools.jar
PATH=C:\Users\dell\Desktop\g\maven\apache-maven-3.0.4\bin;C:\Users\dell\Desktop\tools\maven\apache-maven-3.0.4\bin;C:\Program Files\Java\jdk1.8.0_73\bin;C:\ProgramData\Oracle\Java\javapath;C:\Windows\system32;C:\Windows;C:\Windows\System32\Wbem;C:\Windows\System32\WindowsPowerShell\v1.0\;C:\Program Files (x86)\NVIDIA Corporation\PhysX\Common;C:\Program Files\Git\cmd;C:\Users\dell\Desktop\tools\xshell\;C:\Users\dell\Desktop\tools\xftp\
USERNAME=dell
OS=Windows_NT
PROCESSOR_IDENTIFIER=Intel64 Family 6 Model 158 Stepping 9, GenuineIntel



---------------  S Y S T E M  ---------------

OS: Windows 7 , 64 bit Build 7601 (6.1.7601.24545)

CPU:total 8 (4 cores per cpu, 2 threads per core) family 6 model 158 stepping 9, cmov, cx8, fxsr, mmx, sse, sse2, sse3, ssse3, sse4.1, sse4.2, popcnt, avx, avx2, aes, clmul, erms, rtm, 3dnowpref, lzcnt, ht, tsc, tscinvbit, bmi1, bmi2, adx

Memory: 4k page, physical 8243716k(1317408k free), swap 12436120k(4700k free)

vm_info: Java HotSpot(TM) 64-Bit Server VM (25.73-b02) for windows-amd64 JRE (1.8.0_73-b02), built on Jan 29 2016 17:38:49 by "java_re" with MS VC++ 10.0 (VS2010)

time: Sat May 07 09:53:40 2022
elapsed time: 13 seconds (0d 0h 0m 13s)

