#
# There is insufficient memory for the Java Runtime Environment to continue.
# Native memory allocation (malloc) failed to allocate 861712 bytes for Chunk::new
# Possible reasons:
#   The system is out of physical RAM or swap space
#   In 32 bit mode, the process size limit was hit
# Possible solutions:
#   Reduce memory load on the system
#   Increase physical memory or swap space
#   Check if swap backing store is full
#   Use 64 bit Java on a 64 bit OS
#   Decrease Java heap size (-Xmx/-Xms)
#   Decrease number of Java threads
#   Decrease Java thread stack sizes (-Xss)
#   Set larger code cache with -XX:ReservedCodeCacheSize=
# This output file may be truncated or incomplete.
#
#  Out of Memory Error (allocation.cpp:390), pid=16176, tid=11964
#
# JRE version: Java(TM) SE Runtime Environment (8.0_73-b02) (build 1.8.0_73-b02)
# Java VM: Java HotSpot(TM) 64-Bit Server VM (25.73-b02 mixed mode windows-amd64 compressed oops)
# Failed to write core dump. Minidumps are not enabled by default on client versions of Windows
#

---------------  T H R E A D  ---------------

Current thread (0x0000000059631000):  JavaThread "C2 CompilerThread0" daemon [_thread_in_native, id=11964, stack(0x000000005af70000,0x000000005b070000)]

Stack: [0x000000005af70000,0x000000005b070000]
[error occurred during error reporting (printing stack bounds), id 0xc0000005]

Native frames: (J=compiled Java code, j=interpreted, Vv=VM code, C=native code)


Current CompileTask:
C2:  19177 7243       4       com.sun.tools.javac.comp.Resolve::findMethod (432 bytes)


---------------  P R O C E S S  ---------------

Java Threads: ( => current thread )
  0x00000000596d2000 JavaThread "Service Thread" daemon [_thread_blocked, id=5768, stack(0x000000005aa80000,0x000000005ab80000)]
  0x0000000059667000 JavaThread "C1 CompilerThread3" daemon [_thread_blocked, id=15440, stack(0x000000005b4c0000,0x000000005b5c0000)]
  0x0000000059639000 JavaThread "C2 CompilerThread2" daemon [_thread_in_vm, id=15876, stack(0x000000005b2f0000,0x000000005b3f0000)]
  0x0000000059632000 JavaThread "C2 CompilerThread1" daemon [_thread_in_native, id=16572, stack(0x000000005b0e0000,0x000000005b1e0000)]
=>0x0000000059631000 JavaThread "C2 CompilerThread0" daemon [_thread_in_native, id=11964, stack(0x000000005af70000,0x000000005b070000)]
  0x0000000059620800 JavaThread "Monitor Ctrl-Break" daemon [_thread_in_native, id=15116, stack(0x000000005adb0000,0x000000005aeb0000)]
  0x00000000595f2000 JavaThread "Attach Listener" daemon [_thread_blocked, id=14640, stack(0x000000005abd0000,0x000000005acd0000)]
  0x00000000595ff000 JavaThread "Signal Dispatcher" daemon [_thread_blocked, id=11480, stack(0x000000005a900000,0x000000005aa00000)]
  0x0000000058532000 JavaThread "Finalizer" daemon [_thread_blocked, id=15652, stack(0x000000005a500000,0x000000005a600000)]
  0x000000005852a800 JavaThread "Reference Handler" daemon [_thread_blocked, id=15988, stack(0x000000005a7f0000,0x000000005a8f0000)]
  0x00000000025d8000 JavaThread "main" [_thread_in_native, id=16856, stack(0x0000000002d10000,0x0000000002e10000)]

Other Threads:
  0x0000000059592800 VMThread [stack: 0x000000005a600000,0x000000005a700000] [id=13904]
  0x0000000059735000 WatcherThread [stack: 0x000000005b600000,0x000000005b700000] [id=5916]

VM state:not at safepoint (normal execution)

VM Mutex/Monitor currently owned by a thread: None

Heap:
 PSYoungGen      total 292352K, used 38183K [0x00000000d6100000, 0x00000000f0800000, 0x0000000100000000)
  eden space 275968K, 8% used [0x00000000d6100000,0x00000000d776db70,0x00000000e6e80000)
  from space 16384K, 92% used [0x00000000e6e80000,0x00000000e7d5c3b8,0x00000000e7e80000)
  to   space 17920K, 0% used [0x00000000ef680000,0x00000000ef680000,0x00000000f0800000)
 ParOldGen       total 66048K, used 47617K [0x0000000082200000, 0x0000000086280000, 0x00000000d6100000)
  object space 66048K, 72% used [0x0000000082200000,0x0000000085080478,0x0000000086280000)
 Metaspace       used 25650K, capacity 26342K, committed 26624K, reserved 1073152K
  class space    used 2831K, capacity 3029K, committed 3072K, reserved 1048576K

Card table byte_map: [0x00000000123d0000,0x00000000127c0000] byte_map_base: 0x0000000011fbf000

Marking Bits: (ParMarkBitMap*) 0x00000000643c0600
 Begin Bits: [0x0000000013860000, 0x00000000157d8000)
 End Bits:   [0x00000000157d8000, 0x0000000017750000)

Polling page: 0x00000000021b0000

CodeCache: size=245760Kb used=24405Kb max_used=25409Kb free=221354Kb
 bounds [0x0000000003010000, 0x0000000004900000, 0x0000000012010000]
 total_blobs=6282 nmethods=5884 adapters=308
 compilation: enabled

Compilation events (10 events):
Event: 19.123 Thread 0x0000000059667000 nmethod 7295 0x000000000370f590 code [0x000000000370f7e0, 0x00000000037107a8]
Event: 19.123 Thread 0x0000000059667000 7296       3       org.sonatype.guice.bean.reflect.MildValues::get (28 bytes)
Event: 19.123 Thread 0x0000000059667000 nmethod 7296 0x00000000032b9410 code [0x00000000032b95a0, 0x00000000032b99b8]
Event: 19.140 Thread 0x0000000059667000 7303       2       org.apache.maven.model.inheritance.DefaultInheritanceAssembler$InheritanceModelMerger::mergePlugin (71 bytes)
Event: 19.140 Thread 0x0000000059667000 nmethod 7303 0x0000000003a9fa90 code [0x0000000003a9fc60, 0x0000000003aa0008]
Event: 19.141 Thread 0x0000000059667000 7304       2       org.apache.maven.model.inheritance.DefaultInheritanceAssembler$InheritanceModelMerger::mergePluginContainer_Plugins (430 bytes)
Event: 19.143 Thread 0x0000000059667000 nmethod 7304 0x0000000003c79790 code [0x0000000003c79c20, 0x0000000003c7b3f8]
Event: 19.144 Thread 0x0000000059667000 7309       2       org.codehaus.plexus.interpolation.reflection.ReflectionValueExtractor::evaluate (163 bytes)
Event: 19.145 Thread 0x0000000059667000 nmethod 7309 0x0000000003dd8010 code [0x0000000003dd8280, 0x0000000003dd9038]
Event: 19.145 Thread 0x0000000059667000 7307       2       org.apache.maven.model.merge.MavenModelMerger::mergePlugin_Executions (235 bytes)

GC Heap History (10 events):
Event: 10.777 GC heap before
{Heap before GC invocations=10 (full 1):
 PSYoungGen      total 141824K, used 11000K [0x00000000d6100000, 0x00000000e4580000, 0x0000000100000000)
  eden space 130048K, 0% used [0x00000000d6100000,0x00000000d6100000,0x00000000de000000)
  from space 11776K, 93% used [0x00000000de000000,0x00000000deabe398,0x00000000deb80000)
  to   space 12800K, 0% used [0x00000000e3900000,0x00000000e3900000,0x00000000e4580000)
 ParOldGen       total 86016K, used 13964K [0x0000000082200000, 0x0000000087600000, 0x00000000d6100000)
  object space 86016K, 16% used [0x0000000082200000,0x0000000082fa3380,0x0000000087600000)
 Metaspace       used 20574K, capacity 21088K, committed 21296K, reserved 1069056K
  class space    used 2404K, capacity 2567K, committed 2688K, reserved 1048576K
Event: 10.831 GC heap after
Heap after GC invocations=10 (full 1):
 PSYoungGen      total 141824K, used 0K [0x00000000d6100000, 0x00000000e4580000, 0x0000000100000000)
  eden space 130048K, 0% used [0x00000000d6100000,0x00000000d6100000,0x00000000de000000)
  from space 11776K, 0% used [0x00000000de000000,0x00000000de000000,0x00000000deb80000)
  to   space 12800K, 0% used [0x00000000e3900000,0x00000000e3900000,0x00000000e4580000)
 ParOldGen       total 66048K, used 20965K [0x0000000082200000, 0x0000000086280000, 0x00000000d6100000)
  object space 66048K, 31% used [0x0000000082200000,0x0000000083679770,0x0000000086280000)
 Metaspace       used 20574K, capacity 21088K, committed 21296K, reserved 1069056K
  class space    used 2404K, capacity 2567K, committed 2688K, reserved 1048576K
}
Event: 13.701 GC heap before
{Heap before GC invocations=11 (full 1):
 PSYoungGen      total 141824K, used 130048K [0x00000000d6100000, 0x00000000e4580000, 0x0000000100000000)
  eden space 130048K, 100% used [0x00000000d6100000,0x00000000de000000,0x00000000de000000)
  from space 11776K, 0% used [0x00000000de000000,0x00000000de000000,0x00000000deb80000)
  to   space 12800K, 0% used [0x00000000e3900000,0x00000000e3900000,0x00000000e4580000)
 ParOldGen       total 66048K, used 20965K [0x0000000082200000, 0x0000000086280000, 0x00000000d6100000)
  object space 66048K, 31% used [0x0000000082200000,0x0000000083679770,0x0000000086280000)
 Metaspace       used 23085K, capacity 23760K, committed 23936K, reserved 1071104K
  class space    used 2625K, capacity 2837K, committed 2944K, reserved 1048576K
Event: 13.714 GC heap after
Heap after GC invocations=11 (full 1):
 PSYoungGen      total 199680K, used 12779K [0x00000000d6100000, 0x00000000e4580000, 0x0000000100000000)
  eden space 186880K, 0% used [0x00000000d6100000,0x00000000d6100000,0x00000000e1780000)
  from space 12800K, 99% used [0x00000000e3900000,0x00000000e457ac08,0x00000000e4580000)
  to   space 16384K, 0% used [0x00000000e2580000,0x00000000e2580000,0x00000000e3580000)
 ParOldGen       total 66048K, used 27438K [0x0000000082200000, 0x0000000086280000, 0x00000000d6100000)
  object space 66048K, 41% used [0x0000000082200000,0x0000000083ccb848,0x0000000086280000)
 Metaspace       used 23085K, capacity 23760K, committed 23936K, reserved 1071104K
  class space    used 2625K, capacity 2837K, committed 2944K, reserved 1048576K
}
Event: 14.465 GC heap before
{Heap before GC invocations=12 (full 1):
 PSYoungGen      total 199680K, used 199659K [0x00000000d6100000, 0x00000000e4580000, 0x0000000100000000)
  eden space 186880K, 100% used [0x00000000d6100000,0x00000000e1780000,0x00000000e1780000)
  from space 12800K, 99% used [0x00000000e3900000,0x00000000e457ac08,0x00000000e4580000)
  to   space 16384K, 0% used [0x00000000e2580000,0x00000000e2580000,0x00000000e3580000)
 ParOldGen       total 66048K, used 27438K [0x0000000082200000, 0x0000000086280000, 0x00000000d6100000)
  object space 66048K, 41% used [0x0000000082200000,0x0000000083ccb848,0x0000000086280000)
 Metaspace       used 23468K, capacity 24178K, committed 24448K, reserved 1071104K
  class space    used 2666K, capacity 2864K, committed 2944K, reserved 1048576K
Event: 14.495 GC heap after
Heap after GC invocations=12 (full 1):
 PSYoungGen      total 217600K, used 5024K [0x00000000d6100000, 0x00000000e8e80000, 0x0000000100000000)
  eden space 201216K, 0% used [0x00000000d6100000,0x00000000d6100000,0x00000000e2580000)
  from space 16384K, 30% used [0x00000000e2580000,0x00000000e2a680d0,0x00000000e3580000)
  to   space 16384K, 0% used [0x00000000e7e80000,0x00000000e7e80000,0x00000000e8e80000)
 ParOldGen       total 66048K, used 40266K [0x0000000082200000, 0x0000000086280000, 0x00000000d6100000)
  object space 66048K, 60% used [0x0000000082200000,0x0000000084952a90,0x0000000086280000)
 Metaspace       used 23468K, capacity 24178K, committed 24448K, reserved 1071104K
  class space    used 2666K, capacity 2864K, committed 2944K, reserved 1048576K
}
Event: 15.312 GC heap before
{Heap before GC invocations=13 (full 1):
 PSYoungGen      total 217600K, used 206240K [0x00000000d6100000, 0x00000000e8e80000, 0x0000000100000000)
  eden space 201216K, 100% used [0x00000000d6100000,0x00000000e2580000,0x00000000e2580000)
  from space 16384K, 30% used [0x00000000e2580000,0x00000000e2a680d0,0x00000000e3580000)
  to   space 16384K, 0% used [0x00000000e7e80000,0x00000000e7e80000,0x00000000e8e80000)
 ParOldGen       total 66048K, used 40266K [0x0000000082200000, 0x0000000086280000, 0x00000000d6100000)
  object space 66048K, 60% used [0x0000000082200000,0x0000000084952a90,0x0000000086280000)
 Metaspace       used 23589K, capacity 24326K, committed 24448K, reserved 1071104K
  class space    used 2679K, capacity 2869K, committed 2944K, reserved 1048576K
Event: 15.318 GC heap after
Heap after GC invocations=13 (full 1):
 PSYoungGen      total 292352K, used 4512K [0x00000000d6100000, 0x00000000ea080000, 0x0000000100000000)
  eden space 275968K, 0% used [0x00000000d6100000,0x00000000d6100000,0x00000000e6e80000)
  from space 16384K, 27% used [0x00000000e7e80000,0x00000000e82e83c8,0x00000000e8e80000)
  to   space 16384K, 0% used [0x00000000e6e80000,0x00000000e6e80000,0x00000000e7e80000)
 ParOldGen       total 66048K, used 43563K [0x0000000082200000, 0x0000000086280000, 0x00000000d6100000)
  object space 66048K, 65% used [0x0000000082200000,0x0000000084c8ac10,0x0000000086280000)
 Metaspace       used 23589K, capacity 24326K, committed 24448K, reserved 1071104K
  class space    used 2679K, capacity 2869K, committed 2944K, reserved 1048576K
}
Event: 18.945 GC heap before
{Heap before GC invocations=14 (full 1):
 PSYoungGen      total 292352K, used 280480K [0x00000000d6100000, 0x00000000ea080000, 0x0000000100000000)
  eden space 275968K, 100% used [0x00000000d6100000,0x00000000e6e80000,0x00000000e6e80000)
  from space 16384K, 27% used [0x00000000e7e80000,0x00000000e82e83c8,0x00000000e8e80000)
  to   space 16384K, 0% used [0x00000000e6e80000,0x00000000e6e80000,0x00000000e7e80000)
 ParOldGen       total 66048K, used 43563K [0x0000000082200000, 0x0000000086280000, 0x00000000d6100000)
  object space 66048K, 65% used [0x0000000082200000,0x0000000084c8ac10,0x0000000086280000)
 Metaspace       used 25533K, capacity 26278K, committed 26368K, reserved 1073152K
  class space    used 2821K, capacity 3029K, committed 3072K, reserved 1048576K
Event: 18.960 GC heap after
Heap after GC invocations=14 (full 1):
 PSYoungGen      total 292352K, used 15216K [0x00000000d6100000, 0x00000000f0800000, 0x0000000100000000)
  eden space 275968K, 0% used [0x00000000d6100000,0x00000000d6100000,0x00000000e6e80000)
  from space 16384K, 92% used [0x00000000e6e80000,0x00000000e7d5c3b8,0x00000000e7e80000)
  to   space 17920K, 0% used [0x00000000ef680000,0x00000000ef680000,0x00000000f0800000)
 ParOldGen       total 66048K, used 47617K [0x0000000082200000, 0x0000000086280000, 0x00000000d6100000)
  object space 66048K, 72% used [0x0000000082200000,0x0000000085080478,0x0000000086280000)
 Metaspace       used 25533K, capacity 26278K, committed 26368K, reserved 1073152K
  class space    used 2821K, capacity 3029K, committed 3072K, reserved 1048576K
}

Deoptimization events (10 events):
Event: 19.050 Thread 0x00000000025d8000 Uncommon trap: reason=class_check action=maybe_recompile pc=0x00000000047fbd04 method=com.sun.tools.javac.code.Types.isSubtypeUncheckedInternal(Lcom/sun/tools/javac/code/Type;Lcom/sun/tools/javac/code/Type;Lcom/sun/tools/javac/util/Warner;)Z @ 159
Event: 19.086 Thread 0x00000000025d8000 Uncommon trap: reason=class_check action=maybe_recompile pc=0x00000000037241e0 method=java.lang.Character.toLowerCase(I)I @ 5
Event: 19.086 Thread 0x00000000025d8000 Uncommon trap: reason=class_check action=maybe_recompile pc=0x0000000003a48b20 method=java.lang.Character.toLowerCase(I)I @ 5
Event: 19.086 Thread 0x00000000025d8000 Uncommon trap: reason=class_check action=maybe_recompile pc=0x0000000003a48b20 method=java.lang.Character.toLowerCase(I)I @ 5
Event: 19.086 Thread 0x00000000025d8000 Uncommon trap: reason=class_check action=maybe_recompile pc=0x0000000003a48b20 method=java.lang.Character.toLowerCase(I)I @ 5
Event: 19.086 Thread 0x00000000025d8000 Uncommon trap: reason=class_check action=maybe_recompile pc=0x00000000037241e0 method=java.lang.Character.toLowerCase(I)I @ 5
Event: 19.086 Thread 0x00000000025d8000 Uncommon trap: reason=class_check action=maybe_recompile pc=0x0000000003e1dd0c method=java.lang.Character.toLowerCase(I)I @ 5
Event: 19.113 Thread 0x00000000025d8000 Uncommon trap: reason=class_check action=maybe_recompile pc=0x0000000003a29fe4 method=org.sonatype.guice.bean.locators.LazyBeanEntry.getValue()Ljava/lang/Object; @ 4
Event: 19.113 Thread 0x00000000025d8000 Uncommon trap: reason=unstable_if action=reinterpret pc=0x0000000003473ec4 method=java.util.concurrent.ConcurrentHashMap.putVal(Ljava/lang/Object;Ljava/lang/Object;Z)Ljava/lang/Object; @ 181
Event: 19.114 Thread 0x00000000025d8000 Uncommon trap: reason=unstable_if action=reinterpret pc=0x0000000004151fd4 method=java.io.File.slashify(Ljava/lang/String;Z)Ljava/lang/String; @ 59

Internal exceptions (10 events):
Event: 12.043 Thread 0x00000000025d8000 Exception <a 'java/security/PrivilegedActionException'> (0x00000000d9dab928) thrown at [D:\re\puppet\workspace\8-2-build-windows-amd64-cygwin\jdk8u73\6086\hotspot\src\share\vm\prims\jvm.cpp, line 1386]
Event: 12.043 Thread 0x00000000025d8000 Exception <a 'java/security/PrivilegedActionException'> (0x00000000d9dabf08) thrown at [D:\re\puppet\workspace\8-2-build-windows-amd64-cygwin\jdk8u73\6086\hotspot\src\share\vm\prims\jvm.cpp, line 1386]
Event: 13.307 Thread 0x00000000025d8000 Implicit null exception at 0x00000000035c8ce1 to 0x00000000035c90f5
Event: 13.310 Thread 0x00000000025d8000 Implicit null exception at 0x0000000003574105 to 0x0000000003574309
Event: 15.069 Thread 0x00000000025d8000 Implicit null exception at 0x0000000003d2cccf to 0x0000000003d2cdcd
Event: 15.740 Thread 0x00000000025d8000 Implicit null exception at 0x00000000034d0ba1 to 0x00000000034d16dd
Event: 15.740 Thread 0x00000000025d8000 Implicit null exception at 0x00000000040300fc to 0x000000000403013d
Event: 16.824 Thread 0x00000000025d8000 Implicit null exception at 0x00000000043f1a64 to 0x00000000043f2885
Event: 17.322 Thread 0x00000000025d8000 Implicit null exception at 0x0000000003cb96b5 to 0x0000000003cbd1d5
Event: 17.322 Thread 0x00000000025d8000 Implicit null exception at 0x0000000003c72848 to 0x0000000003c74995

Events (10 events):
Event: 19.144 Thread 0x0000000059667000 flushing nmethod 0x0000000003db5350
Event: 19.144 Thread 0x0000000059667000 flushing nmethod 0x0000000003dc0cd0
Event: 19.144 Thread 0x0000000059667000 flushing nmethod 0x0000000003dd8010
Event: 19.144 Thread 0x0000000059667000 flushing nmethod 0x0000000003ddffd0
Event: 19.144 Thread 0x0000000059667000 flushing nmethod 0x0000000003de4ad0
Event: 19.144 Thread 0x0000000059667000 flushing nmethod 0x0000000003de6a90
Event: 19.144 Thread 0x0000000059667000 flushing nmethod 0x0000000003dead10
Event: 19.144 Thread 0x0000000059667000 flushing nmethod 0x0000000003dfd050
Event: 19.145 Thread 0x0000000059667000 flushing nmethod 0x0000000003e35bd0
Event: 19.145 Thread 0x0000000059667000 flushing nmethod 0x0000000003e39c10


Dynamic libraries:
0x000000013ffa0000 - 0x000000013ffd7000 	C:\Program Files\Java\jdk1.8.0_73\bin\java.exe
0x00000000777f0000 - 0x000000007798f000 	C:\Windows\SYSTEM32\ntdll.dll
0x00000000775d0000 - 0x00000000776ef000 	C:\Windows\system32\kernel32.dll
0x000007fefd380000 - 0x000007fefd3e7000 	C:\Windows\system32\KERNELBASE.dll
0x000007fefeb80000 - 0x000007fefec5b000 	C:\Windows\system32\ADVAPI32.dll
0x000007fefd7a0000 - 0x000007fefd83f000 	C:\Windows\system32\msvcrt.dll
0x000007fefefa0000 - 0x000007fefefbf000 	C:\Windows\SYSTEM32\sechost.dll
0x000007fefea50000 - 0x000007fefeb7c000 	C:\Windows\system32\RPCRT4.dll
0x00000000776f0000 - 0x00000000777eb000 	C:\Windows\system32\USER32.dll
0x000007fefefc0000 - 0x000007feff027000 	C:\Windows\system32\GDI32.dll
0x000007fefec60000 - 0x000007fefec6e000 	C:\Windows\system32\LPK.dll
0x000007fefeec0000 - 0x000007fefef8b000 	C:\Windows\system32\USP10.dll
0x000007fefb2c0000 - 0x000007fefb4b5000 	C:\Windows\WinSxS\amd64_microsoft.windows.common-controls_6595b64144ccf1df_6.0.7601.24483_none_e372d88f30fbb845\COMCTL32.dll
0x000007feff9e0000 - 0x000007feffa51000 	C:\Windows\system32\SHLWAPI.dll
0x000007fefe740000 - 0x000007fefe76e000 	C:\Windows\system32\IMM32.DLL
0x000007fefd840000 - 0x000007fefd94b000 	C:\Windows\system32\MSCTF.dll
0x000007fefc500000 - 0x000007fefc5ae000 	C:\Windows\system32\tmumh\20019\AddOn\7.0.0.1181\TmUmEvt64.dll
0x0000000077990000 - 0x0000000077997000 	C:\Windows\system32\PSAPI.DLL
0x0000000074f90000 - 0x00000000750aa000 	C:\Windows\system32\tmumh\20019\TmMon\2.5.0.2101\tmmon64.dll
0x0000000065c00000 - 0x0000000065cd2000 	C:\Program Files\Java\jdk1.8.0_73\jre\bin\msvcr100.dll
0x0000000063bb0000 - 0x0000000064440000 	C:\Program Files\Java\jdk1.8.0_73\jre\bin\server\jvm.dll
0x000007fef7460000 - 0x000007fef7469000 	C:\Windows\system32\WSOCK32.dll
0x000007fefee70000 - 0x000007fefeebd000 	C:\Windows\system32\WS2_32.dll
0x000007fefef90000 - 0x000007fefef98000 	C:\Windows\system32\NSI.dll
0x000007fefa2f0000 - 0x000007fefa32b000 	C:\Windows\system32\WINMM.dll
0x000007fefc4b0000 - 0x000007fefc4bc000 	C:\Windows\system32\VERSION.dll
0x00000000730e0000 - 0x00000000730ef000 	C:\Program Files\Java\jdk1.8.0_73\jre\bin\verify.dll
0x00000000725e0000 - 0x0000000072609000 	C:\Program Files\Java\jdk1.8.0_73\jre\bin\java.dll
0x0000000072460000 - 0x0000000072483000 	C:\Program Files\Java\jdk1.8.0_73\jre\bin\instrument.dll
0x00000000725c0000 - 0x00000000725d6000 	C:\Program Files\Java\jdk1.8.0_73\jre\bin\zip.dll
0x000007fefd9b0000 - 0x000007fefe73b000 	C:\Windows\system32\SHELL32.dll
0x000007fefe850000 - 0x000007fefea4f000 	C:\Windows\system32\ole32.dll
0x000007fefd340000 - 0x000007fefd34f000 	C:\Windows\system32\profapi.dll
0x000007fef0a70000 - 0x000007fef0a8a000 	C:\Users\dell\Desktop\tools\IntelliJ IDEA 2020.3.2\bin\breakgen64.dll
0x00000000725a0000 - 0x00000000725ba000 	C:\Program Files\Java\jdk1.8.0_73\jre\bin\net.dll
0x000007fefca80000 - 0x000007fefcad5000 	C:\Windows\system32\mswsock.dll
0x000007fefca70000 - 0x000007fefca77000 	C:\Windows\System32\wship6.dll
0x000007fefd140000 - 0x000007fefd197000 	C:\Windows\system32\apphelp.dll
0x00000000724c0000 - 0x00000000724d1000 	C:\Program Files\Java\jdk1.8.0_73\jre\bin\nio.dll

VM Arguments:
jvm_args: -Dmaven.home=C:\Users\dell\Desktop\g\maven\apache-maven-3.0.4 -Dclassworlds.conf=C:\Users\dell\Desktop\g\maven\apache-maven-3.0.4\bin\m2.conf -Dmaven.ext.class.path=C:\Users\dell\Desktop\tools\IntelliJ IDEA 2020.3.2\plugins\maven\lib\maven-event-listener.jar -javaagent:C:\Users\dell\Desktop\tools\IntelliJ IDEA 2020.3.2\lib\idea_rt.jar=51568:C:\Users\dell\Desktop\tools\IntelliJ IDEA 2020.3.2\bin -Dfile.encoding=UTF-8 
java_command: org.codehaus.classworlds.Launcher -Didea.version=2020.3.2 -s C:\Users\dell\Desktop\g\maven\apache-maven-3.0.4\conf\settings.xml -Dmaven.repo.local=C:\Users\dell\Desktop\g\maven\repository package
java_class_path (initial): C:\Users\dell\Desktop\g\maven\apache-maven-3.0.4\boot\plexus-classworlds-2.4.jar;C:\Users\dell\Desktop\tools\IntelliJ IDEA 2020.3.2\lib\idea_rt.jar
Launcher Type: SUN_STANDARD

Environment Variables:
JAVA_HOME=C:\Program Files\Java\jdk1.8.0_73
CLASSPATH=,;C:\Program Files\Java\jdk1.8.0_73\lib;C:\Program Files\Java\jdk1.8.0_73\lib\tools.jar
PATH=C:\Users\dell\Desktop\g\maven\apache-maven-3.0.4\bin;C:\Users\dell\Desktop\tools\maven\apache-maven-3.0.4\bin;C:\Program Files\Java\jdk1.8.0_73\bin;C:\ProgramData\Oracle\Java\javapath;C:\Windows\system32;C:\Windows;C:\Windows\System32\Wbem;C:\Windows\System32\WindowsPowerShell\v1.0\;C:\Program Files (x86)\NVIDIA Corporation\PhysX\Common;C:\Program Files\Git\cmd;C:\Users\dell\Desktop\tools\xshell\;C:\Users\dell\Desktop\tools\xftp\
USERNAME=dell
OS=Windows_NT
PROCESSOR_IDENTIFIER=Intel64 Family 6 Model 158 Stepping 9, GenuineIntel



---------------  S Y S T E M  ---------------

OS: Windows 7 , 64 bit Build 7601 (6.1.7601.24545)

CPU:total 8 (4 cores per cpu, 2 threads per core) family 6 model 158 stepping 9, cmov, cx8, fxsr, mmx, sse, sse2, sse3, ssse3, sse4.1, sse4.2, popcnt, avx, avx2, aes, clmul, erms, rtm, 3dnowpref, lzcnt, ht, tsc, tscinvbit, bmi1, bmi2, adx

Memory: 4k page, physical 8243716k(772624k free), swap 12436120k(5196k free)

vm_info: Java HotSpot(TM) 64-Bit Server VM (25.73-b02) for windows-amd64 JRE (1.8.0_73-b02), built on Jan 29 2016 17:38:49 by "java_re" with MS VC++ 10.0 (VS2010)

time: Tue Jun 07 20:13:33 2022
elapsed time: 19 seconds (0d 0h 0m 19s)

