#
# There is insufficient memory for the Java Runtime Environment to continue.
# Native memory allocation (malloc) failed to allocate 1229456 bytes for Chunk::new
# Possible reasons:
#   The system is out of physical RAM or swap space
#   In 32 bit mode, the process size limit was hit
# Possible solutions:
#   Reduce memory load on the system
#   Increase physical memory or swap space
#   Check if swap backing store is full
#   Use 64 bit Java on a 64 bit OS
#   Decrease Java heap size (-Xmx/-Xms)
#   Decrease number of Java threads
#   Decrease Java thread stack sizes (-Xss)
#   Set larger code cache with -XX:ReservedCodeCacheSize=
# This output file may be truncated or incomplete.
#
#  Out of Memory Error (allocation.cpp:390), pid=23160, tid=23388
#
# JRE version: Java(TM) SE Runtime Environment (8.0_73-b02) (build 1.8.0_73-b02)
# Java VM: Java HotSpot(TM) 64-Bit Server VM (25.73-b02 mixed mode windows-amd64 compressed oops)
# Failed to write core dump. Minidumps are not enabled by default on client versions of Windows
#

---------------  T H R E A D  ---------------

Current thread (0x00000000594ef000):  JavaThread "C2 CompilerThread0" daemon [_thread_in_native, id=23388, stack(0x000000005acd0000,0x000000005add0000)]

Stack: [0x000000005acd0000,0x000000005add0000]
[error occurred during error reporting (printing stack bounds), id 0xc0000005]

Native frames: (J=compiled Java code, j=interpreted, Vv=VM code, C=native code)


Current CompileTask:
C2:  11579 5375       4       com.sun.tools.javac.comp.Resolve::findInheritedMemberType (202 bytes)


---------------  P R O C E S S  ---------------

Java Threads: ( => current thread )
  0x0000000059578800 JavaThread "Service Thread" daemon [_thread_blocked, id=22828, stack(0x000000005b2a0000,0x000000005b3a0000)]
  0x000000005950c800 JavaThread "C1 CompilerThread3" daemon [_thread_blocked, id=20328, stack(0x000000005b170000,0x000000005b270000)]
  0x0000000059503000 JavaThread "C2 CompilerThread2" daemon [_thread_blocked, id=21052, stack(0x000000005abb0000,0x000000005acb0000)]
  0x00000000594f4000 JavaThread "C2 CompilerThread1" daemon [_thread_in_vm, id=21748, stack(0x000000005af60000,0x000000005b060000)]
=>0x00000000594ef000 JavaThread "C2 CompilerThread0" daemon [_thread_in_native, id=23388, stack(0x000000005acd0000,0x000000005add0000)]
  0x00000000594de000 JavaThread "Monitor Ctrl-Break" daemon [_thread_in_native, id=19048, stack(0x000000005aa80000,0x000000005ab80000)]
  0x00000000594bf800 JavaThread "Attach Listener" daemon [_thread_blocked, id=1604, stack(0x000000005a3f0000,0x000000005a4f0000)]
  0x00000000594be000 JavaThread "Signal Dispatcher" daemon [_thread_blocked, id=2112, stack(0x000000005a620000,0x000000005a720000)]
  0x00000000583f1800 JavaThread "Finalizer" daemon [_thread_blocked, id=19500, stack(0x000000005a8b0000,0x000000005a9b0000)]
  0x00000000583e9800 JavaThread "Reference Handler" daemon [_thread_blocked, id=2936, stack(0x000000005a740000,0x000000005a840000)]
  0x00000000025f8000 JavaThread "main" [_thread_in_native, id=22732, stack(0x0000000002e90000,0x0000000002f90000)]

Other Threads:
  0x00000000583e0800 VMThread [stack: 0x000000005a4f0000,0x000000005a5f0000] [id=9260]
  0x00000000595ea000 WatcherThread [stack: 0x000000005b3b0000,0x000000005b4b0000] [id=20608]

VM state:not at safepoint (normal execution)

VM Mutex/Monitor currently owned by a thread: None

Heap:
 PSYoungGen      total 215552K, used 35090K [0x00000000d6100000, 0x00000000e7900000, 0x0000000100000000)
  eden space 202240K, 15% used [0x00000000d6100000,0x00000000d80588c8,0x00000000e2680000)
  from space 13312K, 22% used [0x00000000e3700000,0x00000000e39ec0a0,0x00000000e4400000)
  to   space 16896K, 0% used [0x00000000e2680000,0x00000000e2680000,0x00000000e3700000)
 ParOldGen       total 69120K, used 43409K [0x0000000082200000, 0x0000000086580000, 0x00000000d6100000)
  object space 69120K, 62% used [0x0000000082200000,0x0000000084c64400,0x0000000086580000)
 Metaspace       used 23633K, capacity 24326K, committed 24448K, reserved 1071104K
  class space    used 2680K, capacity 2869K, committed 2944K, reserved 1048576K

Card table byte_map: [0x0000000012550000,0x0000000012940000] byte_map_base: 0x000000001213f000

Marking Bits: (ParMarkBitMap*) 0x0000000065bf0600
 Begin Bits: [0x0000000013720000, 0x0000000015698000)
 End Bits:   [0x0000000015698000, 0x0000000017610000)

Polling page: 0x00000000020c0000

CodeCache: size=245760Kb used=18514Kb max_used=18529Kb free=227245Kb
 bounds [0x0000000003190000, 0x00000000043c0000, 0x0000000012190000]
 total_blobs=5197 nmethods=4806 adapters=303
 compilation: enabled

Compilation events (10 events):
Event: 11.557 Thread 0x000000005950c800 5369       3       com.sun.tools.javac.comp.Attr::attribTypes (17 bytes)
Event: 11.557 Thread 0x000000005950c800 nmethod 5369 0x000000000439f350 code [0x000000000439f4c0, 0x000000000439f6d8]
Event: 11.557 Thread 0x00000000594ef000 nmethod 5372 0x00000000043a55d0 code [0x00000000043a5760, 0x00000000043a5b58]
Event: 11.559 Thread 0x000000005950c800 5373       3       com.sun.tools.javac.jvm.ClassReader$14::read (9 bytes)
Event: 11.559 Thread 0x000000005950c800 nmethod 5373 0x00000000043a3790 code [0x00000000043a3940, 0x00000000043a3de8]
Event: 11.559 Thread 0x000000005950c800 5374       3       com.sun.tools.javac.jvm.ClassReader::attachAnnotationDefault (33 bytes)
Event: 11.559 Thread 0x000000005950c800 nmethod 5374 0x00000000043b1f10 code [0x00000000043b20c0, 0x00000000043b25a8]
Event: 11.559 Thread 0x00000000594ef000 5375       4       com.sun.tools.javac.comp.Resolve::findInheritedMemberType (202 bytes)
Event: 11.561 Thread 0x0000000059503000 nmethod 5350 0x00000000043b71d0 code [0x00000000043b7620, 0x00000000043b9018]
Event: 11.561 Thread 0x00000000594f4000 nmethod 5367 0x00000000043bae90 code [0x00000000043bb160, 0x00000000043bbfd8]

GC Heap History (10 events):
Event: 7.412 GC heap before
{Heap before GC invocations=9 (full 0):
 PSYoungGen      total 137728K, used 84653K [0x00000000d6100000, 0x00000000df500000, 0x0000000100000000)
  eden space 128512K, 58% used [0x00000000d6100000,0x00000000daab1e38,0x00000000dde80000)
  from space 9216K, 99% used [0x00000000de900000,0x00000000df1f9988,0x00000000df200000)
  to   space 10752K, 0% used [0x00000000dde80000,0x00000000dde80000,0x00000000de900000)
 ParOldGen       total 86016K, used 10867K [0x0000000082200000, 0x0000000087600000, 0x00000000d6100000)
  object space 86016K, 12% used [0x0000000082200000,0x0000000082c9cf38,0x0000000087600000)
 Metaspace       used 20606K, capacity 21088K, committed 21296K, reserved 1069056K
  class space    used 2405K, capacity 2567K, committed 2688K, reserved 1048576K
Event: 7.445 GC heap after
Heap after GC invocations=9 (full 0):
 PSYoungGen      total 139264K, used 10729K [0x00000000d6100000, 0x00000000e4400000, 0x0000000100000000)
  eden space 128512K, 0% used [0x00000000d6100000,0x00000000d6100000,0x00000000dde80000)
  from space 10752K, 99% used [0x00000000dde80000,0x00000000de8fa470,0x00000000de900000)
  to   space 13312K, 0% used [0x00000000e3700000,0x00000000e3700000,0x00000000e4400000)
 ParOldGen       total 86016K, used 13940K [0x0000000082200000, 0x0000000087600000, 0x00000000d6100000)
  object space 86016K, 16% used [0x0000000082200000,0x0000000082f9d178,0x0000000087600000)
 Metaspace       used 20606K, capacity 21088K, committed 21296K, reserved 1069056K
  class space    used 2405K, capacity 2567K, committed 2688K, reserved 1048576K
}
Event: 7.445 GC heap before
{Heap before GC invocations=10 (full 1):
 PSYoungGen      total 139264K, used 10729K [0x00000000d6100000, 0x00000000e4400000, 0x0000000100000000)
  eden space 128512K, 0% used [0x00000000d6100000,0x00000000d6100000,0x00000000dde80000)
  from space 10752K, 99% used [0x00000000dde80000,0x00000000de8fa470,0x00000000de900000)
  to   space 13312K, 0% used [0x00000000e3700000,0x00000000e3700000,0x00000000e4400000)
 ParOldGen       total 86016K, used 13940K [0x0000000082200000, 0x0000000087600000, 0x00000000d6100000)
  object space 86016K, 16% used [0x0000000082200000,0x0000000082f9d178,0x0000000087600000)
 Metaspace       used 20606K, capacity 21088K, committed 21296K, reserved 1069056K
  class space    used 2405K, capacity 2567K, committed 2688K, reserved 1048576K
Event: 7.517 GC heap after
Heap after GC invocations=10 (full 1):
 PSYoungGen      total 139264K, used 0K [0x00000000d6100000, 0x00000000e4400000, 0x0000000100000000)
  eden space 128512K, 0% used [0x00000000d6100000,0x00000000d6100000,0x00000000dde80000)
  from space 10752K, 0% used [0x00000000dde80000,0x00000000dde80000,0x00000000de900000)
  to   space 13312K, 0% used [0x00000000e3700000,0x00000000e3700000,0x00000000e4400000)
 ParOldGen       total 69120K, used 20994K [0x0000000082200000, 0x0000000086580000, 0x00000000d6100000)
  object space 69120K, 30% used [0x0000000082200000,0x00000000836809b0,0x0000000086580000)
 Metaspace       used 20606K, capacity 21088K, committed 21296K, reserved 1069056K
  class space    used 2405K, capacity 2567K, committed 2688K, reserved 1048576K
}
Event: 9.999 GC heap before
{Heap before GC invocations=11 (full 1):
 PSYoungGen      total 139264K, used 128512K [0x00000000d6100000, 0x00000000e4400000, 0x0000000100000000)
  eden space 128512K, 100% used [0x00000000d6100000,0x00000000dde80000,0x00000000dde80000)
  from space 10752K, 0% used [0x00000000dde80000,0x00000000dde80000,0x00000000de900000)
  to   space 13312K, 0% used [0x00000000e3700000,0x00000000e3700000,0x00000000e4400000)
 ParOldGen       total 69120K, used 20994K [0x0000000082200000, 0x0000000086580000, 0x00000000d6100000)
  object space 69120K, 30% used [0x0000000082200000,0x00000000836809b0,0x0000000086580000)
 Metaspace       used 23112K, capacity 23760K, committed 23936K, reserved 1071104K
  class space    used 2627K, capacity 2837K, committed 2944K, reserved 1048576K
Event: 10.041 GC heap after
Heap after GC invocations=11 (full 1):
 PSYoungGen      total 192512K, used 13280K [0x00000000d6100000, 0x00000000e4400000, 0x0000000100000000)
  eden space 179200K, 0% used [0x00000000d6100000,0x00000000d6100000,0x00000000e1000000)
  from space 13312K, 99% used [0x00000000e3700000,0x00000000e43f82f8,0x00000000e4400000)
  to   space 16896K, 0% used [0x00000000e2300000,0x00000000e2300000,0x00000000e3380000)
 ParOldGen       total 69120K, used 26801K [0x0000000082200000, 0x0000000086580000, 0x00000000d6100000)
  object space 69120K, 38% used [0x0000000082200000,0x0000000083c2c4c0,0x0000000086580000)
 Metaspace       used 23112K, capacity 23760K, committed 23936K, reserved 1071104K
  class space    used 2627K, capacity 2837K, committed 2944K, reserved 1048576K
}
Event: 10.695 GC heap before
{Heap before GC invocations=12 (full 1):
 PSYoungGen      total 192512K, used 192480K [0x00000000d6100000, 0x00000000e4400000, 0x0000000100000000)
  eden space 179200K, 100% used [0x00000000d6100000,0x00000000e1000000,0x00000000e1000000)
  from space 13312K, 99% used [0x00000000e3700000,0x00000000e43f82f8,0x00000000e4400000)
  to   space 16896K, 0% used [0x00000000e2300000,0x00000000e2300000,0x00000000e3380000)
 ParOldGen       total 69120K, used 26801K [0x0000000082200000, 0x0000000086580000, 0x00000000d6100000)
  object space 69120K, 38% used [0x0000000082200000,0x0000000083c2c4c0,0x0000000086580000)
 Metaspace       used 23500K, capacity 24178K, committed 24448K, reserved 1071104K
  class space    used 2668K, capacity 2864K, committed 2944K, reserved 1048576K
Event: 10.725 GC heap after
Heap after GC invocations=12 (full 1):
 PSYoungGen      total 196096K, used 4880K [0x00000000d6100000, 0x00000000e4400000, 0x0000000100000000)
  eden space 179200K, 0% used [0x00000000d6100000,0x00000000d6100000,0x00000000e1000000)
  from space 16896K, 28% used [0x00000000e2300000,0x00000000e27c40e0,0x00000000e3380000)
  to   space 13312K, 0% used [0x00000000e3700000,0x00000000e3700000,0x00000000e4400000)
 ParOldGen       total 69120K, used 40044K [0x0000000082200000, 0x0000000086580000, 0x00000000d6100000)
  object space 69120K, 57% used [0x0000000082200000,0x000000008491b2b0,0x0000000086580000)
 Metaspace       used 23500K, capacity 24178K, committed 24448K, reserved 1071104K
  class space    used 2668K, capacity 2864K, committed 2944K, reserved 1048576K
}
Event: 11.265 GC heap before
{Heap before GC invocations=13 (full 1):
 PSYoungGen      total 196096K, used 184080K [0x00000000d6100000, 0x00000000e4400000, 0x0000000100000000)
  eden space 179200K, 100% used [0x00000000d6100000,0x00000000e1000000,0x00000000e1000000)
  from space 16896K, 28% used [0x00000000e2300000,0x00000000e27c40e0,0x00000000e3380000)
  to   space 13312K, 0% used [0x00000000e3700000,0x00000000e3700000,0x00000000e4400000)
 ParOldGen       total 69120K, used 40044K [0x0000000082200000, 0x0000000086580000, 0x00000000d6100000)
  object space 69120K, 57% used [0x0000000082200000,0x000000008491b2b0,0x0000000086580000)
 Metaspace       used 23548K, capacity 24196K, committed 24448K, reserved 1071104K
  class space    used 2670K, capacity 2867K, committed 2944K, reserved 1048576K
Event: 11.270 GC heap after
Heap after GC invocations=13 (full 1):
 PSYoungGen      total 215552K, used 2992K [0x00000000d6100000, 0x00000000e7900000, 0x0000000100000000)
  eden space 202240K, 0% used [0x00000000d6100000,0x00000000d6100000,0x00000000e2680000)
  from space 13312K, 22% used [0x00000000e3700000,0x00000000e39ec0a0,0x00000000e4400000)
  to   space 16896K, 0% used [0x00000000e2680000,0x00000000e2680000,0x00000000e3700000)
 ParOldGen       total 69120K, used 43409K [0x0000000082200000, 0x0000000086580000, 0x00000000d6100000)
  object space 69120K, 62% used [0x0000000082200000,0x0000000084c64400,0x0000000086580000)
 Metaspace       used 23548K, capacity 24196K, committed 24448K, reserved 1071104K
  class space    used 2670K, capacity 2867K, committed 2944K, reserved 1048576K
}

Deoptimization events (10 events):
Event: 11.306 Thread 0x00000000025f8000 Uncommon trap: reason=unstable_if action=reinterpret pc=0x0000000003e8ef10 method=com.sun.tools.javac.code.Symbol$TypeSymbol.formFlatName(Lcom/sun/tools/javac/util/Name;Lcom/sun/tools/javac/code/Symbol;)Lcom/sun/tools/javac/util/Name; @ 73
Event: 11.308 Thread 0x00000000025f8000 Uncommon trap: reason=unstable_if action=reinterpret pc=0x00000000041aca10 method=com.sun.tools.javac.tree.TreeScanner.scan(Lcom/sun/tools/javac/util/List;)V @ 1
Event: 11.312 Thread 0x00000000025f8000 Uncommon trap: reason=speculate_class_check action=maybe_recompile pc=0x0000000003ed6ca4 method=com.sun.tools.javac.file.JavacFileManager.inferBinaryName(Ljavax/tools/JavaFileManager$Location;Ljavax/tools/JavaFileObject;)Ljava/lang/String; @ 23
Event: 11.312 Thread 0x00000000025f8000 Uncommon trap: reason=speculate_class_check action=maybe_recompile pc=0x0000000003ed6ca4 method=com.sun.tools.javac.file.JavacFileManager.inferBinaryName(Ljavax/tools/JavaFileManager$Location;Ljavax/tools/JavaFileObject;)Ljava/lang/String; @ 23
Event: 11.312 Thread 0x00000000025f8000 Uncommon trap: reason=speculate_class_check action=maybe_recompile pc=0x0000000003ed6ca4 method=com.sun.tools.javac.file.JavacFileManager.inferBinaryName(Ljavax/tools/JavaFileManager$Location;Ljavax/tools/JavaFileObject;)Ljava/lang/String; @ 23
Event: 11.312 Thread 0x00000000025f8000 Uncommon trap: reason=speculate_class_check action=maybe_recompile pc=0x0000000003ed6ca4 method=com.sun.tools.javac.file.JavacFileManager.inferBinaryName(Ljavax/tools/JavaFileManager$Location;Ljavax/tools/JavaFileObject;)Ljava/lang/String; @ 23
Event: 11.364 Thread 0x00000000025f8000 Uncommon trap: reason=speculate_class_check action=maybe_recompile pc=0x0000000004361274 method=com.sun.tools.javac.file.JavacFileManager.inferBinaryName(Ljavax/tools/JavaFileManager$Location;Ljavax/tools/JavaFileObject;)Ljava/lang/String; @ 30
Event: 11.364 Thread 0x00000000025f8000 Uncommon trap: reason=speculate_class_check action=maybe_recompile pc=0x0000000004361274 method=com.sun.tools.javac.file.JavacFileManager.inferBinaryName(Ljavax/tools/JavaFileManager$Location;Ljavax/tools/JavaFileObject;)Ljava/lang/String; @ 30
Event: 11.393 Thread 0x00000000025f8000 Uncommon trap: reason=unstable_if action=reinterpret pc=0x00000000042523cc method=java.net.URI$Parser.parseHierarchical(II)I @ 23
Event: 11.552 Thread 0x00000000025f8000 Uncommon trap: reason=unstable_if action=reinterpret pc=0x00000000043a2cd4 method=com.sun.tools.javac.code.Scope.dble()V @ 39

Internal exceptions (10 events):
Event: 8.495 Thread 0x00000000025f8000 Exception <a 'java/security/PrivilegedActionException'> (0x00000000d9cc0bd0) thrown at [D:\re\puppet\workspace\8-2-build-windows-amd64-cygwin\jdk8u73\6086\hotspot\src\share\vm\prims\jvm.cpp, line 1386]
Event: 8.495 Thread 0x00000000025f8000 Exception <a 'java/security/PrivilegedActionException'> (0x00000000d9cc2430) thrown at [D:\re\puppet\workspace\8-2-build-windows-amd64-cygwin\jdk8u73\6086\hotspot\src\share\vm\prims\jvm.cpp, line 1386]
Event: 8.495 Thread 0x00000000025f8000 Exception <a 'java/security/PrivilegedActionException'> (0x00000000d9cc2a10) thrown at [D:\re\puppet\workspace\8-2-build-windows-amd64-cygwin\jdk8u73\6086\hotspot\src\share\vm\prims\jvm.cpp, line 1386]
Event: 8.496 Thread 0x00000000025f8000 Exception <a 'java/security/PrivilegedActionException'> (0x00000000d9ccadc8) thrown at [D:\re\puppet\workspace\8-2-build-windows-amd64-cygwin\jdk8u73\6086\hotspot\src\share\vm\prims\jvm.cpp, line 1386]
Event: 8.496 Thread 0x00000000025f8000 Exception <a 'java/security/PrivilegedActionException'> (0x00000000d9ccb3a8) thrown at [D:\re\puppet\workspace\8-2-build-windows-amd64-cygwin\jdk8u73\6086\hotspot\src\share\vm\prims\jvm.cpp, line 1386]
Event: 8.496 Thread 0x00000000025f8000 Exception <a 'java/security/PrivilegedActionException'> (0x00000000d9cccc48) thrown at [D:\re\puppet\workspace\8-2-build-windows-amd64-cygwin\jdk8u73\6086\hotspot\src\share\vm\prims\jvm.cpp, line 1386]
Event: 8.496 Thread 0x00000000025f8000 Exception <a 'java/security/PrivilegedActionException'> (0x00000000d9ccd228) thrown at [D:\re\puppet\workspace\8-2-build-windows-amd64-cygwin\jdk8u73\6086\hotspot\src\share\vm\prims\jvm.cpp, line 1386]
Event: 9.663 Thread 0x00000000025f8000 Implicit null exception at 0x000000000375a661 to 0x000000000375aa75
Event: 9.665 Thread 0x00000000025f8000 Implicit null exception at 0x000000000373a1c5 to 0x000000000373a3c9
Event: 11.306 Thread 0x00000000025f8000 Implicit null exception at 0x0000000003e7474f to 0x0000000003e7484d

Events (10 events):
Event: 11.393 Thread 0x00000000025f8000 Uncommon trap: trap_request=0xffffff65 fr.pc=0x00000000042523cc
Event: 11.393 Thread 0x00000000025f8000 DEOPT PACKING pc=0x00000000042523cc sp=0x0000000002f8d7f0
Event: 11.393 Thread 0x00000000025f8000 DEOPT UNPACKING pc=0x00000000031d582a sp=0x0000000002f8d770 mode 2
Event: 11.412 Thread 0x00000000025f8000 DEOPT PACKING pc=0x0000000003d533fb sp=0x0000000002f8c840
Event: 11.412 Thread 0x00000000025f8000 DEOPT UNPACKING pc=0x00000000031d787f sp=0x0000000002f8c590 mode 0
Event: 11.546 Executing VM operation: ForceSafepoint
Event: 11.546 Executing VM operation: ForceSafepoint done
Event: 11.552 Thread 0x00000000025f8000 Uncommon trap: trap_request=0xffffff65 fr.pc=0x00000000043a2cd4
Event: 11.552 Thread 0x00000000025f8000 DEOPT PACKING pc=0x00000000043a2cd4 sp=0x0000000002f8d130
Event: 11.552 Thread 0x00000000025f8000 DEOPT UNPACKING pc=0x00000000031d582a sp=0x0000000002f8d058 mode 2


Dynamic libraries:
0x000000013f2f0000 - 0x000000013f327000 	C:\Program Files\Java\jdk1.8.0_73\bin\java.exe
0x0000000077a70000 - 0x0000000077c0f000 	C:\Windows\SYSTEM32\ntdll.dll
0x0000000077850000 - 0x000000007796f000 	C:\Windows\system32\kernel32.dll
0x000007fefd730000 - 0x000007fefd797000 	C:\Windows\system32\KERNELBASE.dll
0x000007fefdd90000 - 0x000007fefde6b000 	C:\Windows\system32\ADVAPI32.dll
0x000007fefdf10000 - 0x000007fefdfaf000 	C:\Windows\system32\msvcrt.dll
0x000007feff190000 - 0x000007feff1af000 	C:\Windows\SYSTEM32\sechost.dll
0x000007fefdc60000 - 0x000007fefdd8c000 	C:\Windows\system32\RPCRT4.dll
0x0000000077970000 - 0x0000000077a6b000 	C:\Windows\system32\USER32.dll
0x000007fefe030000 - 0x000007fefe097000 	C:\Windows\system32\GDI32.dll
0x000007feff7d0000 - 0x000007feff7de000 	C:\Windows\system32\LPK.dll
0x000007feff1b0000 - 0x000007feff27b000 	C:\Windows\system32\USP10.dll
0x000007fefb5e0000 - 0x000007fefb7d5000 	C:\Windows\WinSxS\amd64_microsoft.windows.common-controls_6595b64144ccf1df_6.0.7601.24483_none_e372d88f30fbb845\COMCTL32.dll
0x000007feff9e0000 - 0x000007feffa51000 	C:\Windows\system32\SHLWAPI.dll
0x000007feffa60000 - 0x000007feffa8e000 	C:\Windows\system32\IMM32.DLL
0x000007fefeea0000 - 0x000007fefefab000 	C:\Windows\system32\MSCTF.dll
0x000007fefc780000 - 0x000007fefc82e000 	C:\Windows\system32\tmumh\20019\AddOn\7.0.0.1181\TmUmEvt64.dll
0x0000000077c20000 - 0x0000000077c27000 	C:\Windows\system32\PSAPI.DLL
0x0000000075210000 - 0x000000007532a000 	C:\Windows\system32\tmumh\20019\TmMon\2.5.0.2101\tmmon64.dll
0x0000000065c70000 - 0x0000000065d42000 	C:\Program Files\Java\jdk1.8.0_73\jre\bin\msvcr100.dll
0x00000000653e0000 - 0x0000000065c70000 	C:\Program Files\Java\jdk1.8.0_73\jre\bin\server\jvm.dll
0x000007fef76e0000 - 0x000007fef76e9000 	C:\Windows\system32\WSOCK32.dll
0x000007fefe0a0000 - 0x000007fefe0ed000 	C:\Windows\system32\WS2_32.dll
0x000007feff7e0000 - 0x000007feff7e8000 	C:\Windows\system32\NSI.dll
0x000007fefa570000 - 0x000007fefa5ab000 	C:\Windows\system32\WINMM.dll
0x000007fefc730000 - 0x000007fefc73c000 	C:\Windows\system32\VERSION.dll
0x000000006ddb0000 - 0x000000006ddbf000 	C:\Program Files\Java\jdk1.8.0_73\jre\bin\verify.dll
0x0000000068d00000 - 0x0000000068d29000 	C:\Program Files\Java\jdk1.8.0_73\jre\bin\java.dll
0x000000006d090000 - 0x000000006d0b3000 	C:\Program Files\Java\jdk1.8.0_73\jre\bin\instrument.dll
0x0000000069af0000 - 0x0000000069b06000 	C:\Program Files\Java\jdk1.8.0_73\jre\bin\zip.dll
0x000007fefe0f0000 - 0x000007fefee7b000 	C:\Windows\system32\SHELL32.dll
0x000007fefda60000 - 0x000007fefdc5f000 	C:\Windows\system32\ole32.dll
0x000007fefd5c0000 - 0x000007fefd5cf000 	C:\Windows\system32\profapi.dll
0x000007fee7b60000 - 0x000007fee7b7a000 	C:\Users\dell\Desktop\tools\IntelliJ IDEA 2020.3.2\bin\breakgen64.dll
0x0000000068270000 - 0x000000006828a000 	C:\Program Files\Java\jdk1.8.0_73\jre\bin\net.dll
0x000007fefcd00000 - 0x000007fefcd55000 	C:\Windows\system32\mswsock.dll
0x000007fefccf0000 - 0x000007fefccf7000 	C:\Windows\System32\wship6.dll
0x000007fefd3c0000 - 0x000007fefd417000 	C:\Windows\system32\apphelp.dll
0x0000000068250000 - 0x0000000068261000 	C:\Program Files\Java\jdk1.8.0_73\jre\bin\nio.dll

VM Arguments:
jvm_args: -Dmaven.home=C:\Users\dell\Desktop\g\maven\apache-maven-3.0.4 -Dclassworlds.conf=C:\Users\dell\Desktop\g\maven\apache-maven-3.0.4\bin\m2.conf -Dmaven.ext.class.path=C:\Users\dell\Desktop\tools\IntelliJ IDEA 2020.3.2\plugins\maven\lib\maven-event-listener.jar -javaagent:C:\Users\dell\Desktop\tools\IntelliJ IDEA 2020.3.2\lib\idea_rt.jar=52450:C:\Users\dell\Desktop\tools\IntelliJ IDEA 2020.3.2\bin -Dfile.encoding=UTF-8 
java_command: org.codehaus.classworlds.Launcher -Didea.version=2020.3.2 -s C:\Users\dell\Desktop\g\maven\apache-maven-3.0.4\conf\settings.xml -Dmaven.repo.local=C:\Users\dell\Desktop\g\maven\repository package
java_class_path (initial): C:\Users\dell\Desktop\g\maven\apache-maven-3.0.4\boot\plexus-classworlds-2.4.jar;C:\Users\dell\Desktop\tools\IntelliJ IDEA 2020.3.2\lib\idea_rt.jar
Launcher Type: SUN_STANDARD

Environment Variables:
JAVA_HOME=C:\Program Files\Java\jdk1.8.0_73
CLASSPATH=,;C:\Program Files\Java\jdk1.8.0_73\lib;C:\Program Files\Java\jdk1.8.0_73\lib\tools.jar
PATH=C:\Users\dell\Desktop\g\maven\apache-maven-3.0.4\bin;C:\Users\dell\Desktop\tools\maven\apache-maven-3.0.4\bin;C:\Program Files\Java\jdk1.8.0_73\bin;C:\ProgramData\Oracle\Java\javapath;C:\Windows\system32;C:\Windows;C:\Windows\System32\Wbem;C:\Windows\System32\WindowsPowerShell\v1.0\;C:\Program Files (x86)\NVIDIA Corporation\PhysX\Common;C:\Program Files\Git\cmd;C:\Users\dell\Desktop\tools\xshell\;C:\Users\dell\Desktop\tools\xftp\
USERNAME=dell
OS=Windows_NT
PROCESSOR_IDENTIFIER=Intel64 Family 6 Model 158 Stepping 9, GenuineIntel



---------------  S Y S T E M  ---------------

OS: Windows 7 , 64 bit Build 7601 (6.1.7601.24545)

CPU:total 8 (4 cores per cpu, 2 threads per core) family 6 model 158 stepping 9, cmov, cx8, fxsr, mmx, sse, sse2, sse3, ssse3, sse4.1, sse4.2, popcnt, avx, avx2, aes, clmul, erms, rtm, 3dnowpref, lzcnt, ht, tsc, tscinvbit, bmi1, bmi2, adx

Memory: 4k page, physical 8243716k(1127588k free), swap 12436120k(6236k free)

vm_info: Java HotSpot(TM) 64-Bit Server VM (25.73-b02) for windows-amd64 JRE (1.8.0_73-b02), built on Jan 29 2016 17:38:49 by "java_re" with MS VC++ 10.0 (VS2010)

time: Sat May 07 09:54:11 2022
elapsed time: 11 seconds (0d 0h 0m 11s)

